{"C:\\project\\AC\\watch-together-server\\src\\app.ts": {"path":"C:\\project\\AC\\watch-together-server\\src\\app.ts","statementMap":{"0":{"start":{"line":16,"column":0},"end":{"line":16,"column":16}},"1":{"start":{"line":5,"column":0},"end":{"line":5,"column":62}},"2":{"start":{"line":6,"column":0},"end":{"line":6,"column":24}},"3":{"start":{"line":7,"column":0},"end":{"line":7,"column":33}},"4":{"start":{"line":8,"column":0},"end":{"line":8,"column":41}},"5":{"start":{"line":9,"column":0},"end":{"line":9,"column":57}},"6":{"start":{"line":10,"column":0},"end":{"line":10,"column":51}},"7":{"start":{"line":11,"column":0},"end":{"line":11,"column":34}},"8":{"start":{"line":17,"column":14},"end":{"line":17,"column":23}},"9":{"start":{"line":20,"column":2},"end":{"line":25,"column":4}},"10":{"start":{"line":28,"column":2},"end":{"line":28,"column":26}},"11":{"start":{"line":31,"column":2},"end":{"line":31,"column":50}},"12":{"start":{"line":34,"column":2},"end":{"line":70,"column":4}},"13":{"start":{"line":38,"column":8},"end":{"line":42,"column":9}},"14":{"start":{"line":39,"column":10},"end":{"line":39,"column":25}},"15":{"start":{"line":40,"column":15},"end":{"line":42,"column":9}},"16":{"start":{"line":41,"column":10},"end":{"line":41,"column":24}},"17":{"start":{"line":43,"column":8},"end":{"line":43,"column":22}},"18":{"start":{"line":46,"column":8},"end":{"line":46,"column":62}},"19":{"start":{"line":49,"column":8},"end":{"line":49,"column":79}},"20":{"start":{"line":53,"column":8},"end":{"line":60,"column":10}},"21":{"start":{"line":73,"column":2},"end":{"line":73,"column":29}},"22":{"start":{"line":76,"column":2},"end":{"line":81,"column":5}},"23":{"start":{"line":77,"column":4},"end":{"line":80,"column":7}},"24":{"start":{"line":84,"column":2},"end":{"line":84,"column":40}},"25":{"start":{"line":87,"column":2},"end":{"line":92,"column":5}},"26":{"start":{"line":88,"column":4},"end":{"line":91,"column":7}},"27":{"start":{"line":95,"column":2},"end":{"line":95,"column":24}},"28":{"start":{"line":97,"column":2},"end":{"line":97,"column":13}}},"fnMap":{"0":{"name":"createApp","decl":{"start":{"line":16,"column":16},"end":{"line":16,"column":25}},"loc":{"start":{"line":16,"column":25},"end":{"line":98,"column":1}}},"1":{"name":"(anonymous_2)","decl":{"start":{"line":37,"column":22},"end":{"line":37,"column":23}},"loc":{"start":{"line":37,"column":42},"end":{"line":44,"column":7}}},"2":{"name":"(anonymous_3)","decl":{"start":{"line":45,"column":28},"end":{"line":45,"column":29}},"loc":{"start":{"line":45,"column":41},"end":{"line":47,"column":7}}},"3":{"name":"(anonymous_4)","decl":{"start":{"line":48,"column":26},"end":{"line":48,"column":27}},"loc":{"start":{"line":48,"column":44},"end":{"line":50,"column":7}}},"4":{"name":"(anonymous_5)","decl":{"start":{"line":52,"column":19},"end":{"line":52,"column":20}},"loc":{"start":{"line":52,"column":36},"end":{"line":61,"column":7}}},"5":{"name":"(anonymous_6)","decl":{"start":{"line":76,"column":21},"end":{"line":76,"column":22}},"loc":{"start":{"line":76,"column":54},"end":{"line":81,"column":3}}},"6":{"name":"(anonymous_7)","decl":{"start":{"line":87,"column":10},"end":{"line":87,"column":11}},"loc":{"start":{"line":87,"column":42},"end":{"line":92,"column":3}}}},"branchMap":{"0":{"loc":{"start":{"line":38,"column":8},"end":{"line":42,"column":9}},"type":"if","locations":[{"start":{"line":38,"column":8},"end":{"line":42,"column":9}},{"start":{"line":40,"column":15},"end":{"line":42,"column":9}}]},"1":{"loc":{"start":{"line":40,"column":15},"end":{"line":42,"column":9}},"type":"if","locations":[{"start":{"line":40,"column":15},"end":{"line":42,"column":9}}]},"2":{"loc":{"start":{"line":58,"column":14},"end":{"line":58,"column":48}},"type":"binary-expr","locations":[{"start":{"line":58,"column":14},"end":{"line":58,"column":20}},{"start":{"line":58,"column":24},"end":{"line":58,"column":48}}]}},"s":{"0":19,"1":19,"2":19,"3":19,"4":19,"5":19,"6":19,"7":19,"8":32,"9":32,"10":32,"11":32,"12":32,"13":186,"14":64,"15":122,"16":106,"17":16,"18":122,"19":64,"20":380,"21":32,"22":32,"23":6,"24":32,"25":32,"26":4,"27":32,"28":32},"f":{"0":32,"1":186,"2":122,"3":64,"4":380,"5":6,"6":4},"b":{"0":[64,122],"1":[106],"2":[380,0]}}
,"C:\\project\\AC\\watch-together-server\\src\\db.ts": {"path":"C:\\project\\AC\\watch-together-server\\src\\db.ts","statementMap":{"0":{"start":{"line":24,"column":0},"end":{"line":24,"column":16}},"1":{"start":{"line":61,"column":0},"end":{"line":61,"column":7}},"2":{"start":{"line":83,"column":0},"end":{"line":83,"column":7}},"3":{"start":{"line":7,"column":0},"end":{"line":7,"column":46}},"4":{"start":{"line":15,"column":34},"end":{"line":15,"column":38}},"5":{"start":{"line":25,"column":2},"end":{"line":48,"column":3}},"6":{"start":{"line":27,"column":24},"end":{"line":27,"column":48}},"7":{"start":{"line":29,"column":4},"end":{"line":34,"column":5}},"8":{"start":{"line":30,"column":6},"end":{"line":33,"column":8}},"9":{"start":{"line":37,"column":4},"end":{"line":47,"column":7}},"10":{"start":{"line":50,"column":2},"end":{"line":50,"column":16}},"11":{"start":{"line":62,"column":17},"end":{"line":62,"column":34}},"12":{"start":{"line":64,"column":2},"end":{"line":73,"column":3}},"13":{"start":{"line":66,"column":4},"end":{"line":66,"column":45}},"14":{"start":{"line":67,"column":4},"end":{"line":67,"column":51}},"15":{"start":{"line":69,"column":4},"end":{"line":69,"column":59}},"16":{"start":{"line":70,"column":4},"end":{"line":72,"column":6}},"17":{"start":{"line":84,"column":2},"end":{"line":95,"column":3}},"18":{"start":{"line":85,"column":4},"end":{"line":94,"column":5}},"19":{"start":{"line":86,"column":6},"end":{"line":86,"column":33}},"20":{"start":{"line":87,"column":6},"end":{"line":87,"column":56}},"21":{"start":{"line":88,"column":6},"end":{"line":88,"column":20}},"22":{"start":{"line":90,"column":6},"end":{"line":90,"column":65}},"23":{"start":{"line":92,"column":6},"end":{"line":92,"column":20}},"24":{"start":{"line":93,"column":6},"end":{"line":93,"column":18}}},"fnMap":{"0":{"name":"getPrismaClient","decl":{"start":{"line":24,"column":16},"end":{"line":24,"column":31}},"loc":{"start":{"line":24,"column":31},"end":{"line":51,"column":1}}},"1":{"name":"connectDatabase","decl":{"start":{"line":61,"column":22},"end":{"line":61,"column":37}},"loc":{"start":{"line":61,"column":37},"end":{"line":74,"column":1}}},"2":{"name":"disconnectDatabase","decl":{"start":{"line":83,"column":22},"end":{"line":83,"column":40}},"loc":{"start":{"line":83,"column":40},"end":{"line":96,"column":1}}}},"branchMap":{"0":{"loc":{"start":{"line":25,"column":2},"end":{"line":48,"column":3}},"type":"if","locations":[{"start":{"line":25,"column":2},"end":{"line":48,"column":3}}]},"1":{"loc":{"start":{"line":29,"column":4},"end":{"line":34,"column":5}},"type":"if","locations":[{"start":{"line":29,"column":4},"end":{"line":34,"column":5}}]},"2":{"loc":{"start":{"line":38,"column":11},"end":{"line":38,"column":90}},"type":"cond-expr","locations":[{"start":{"line":38,"column":52},"end":{"line":38,"column":78}},{"start":{"line":38,"column":81},"end":{"line":38,"column":90}}]},"3":{"loc":{"start":{"line":71,"column":37},"end":{"line":71,"column":93}},"type":"cond-expr","locations":[{"start":{"line":71,"column":62},"end":{"line":71,"column":75}},{"start":{"line":71,"column":78},"end":{"line":71,"column":93}}]},"4":{"loc":{"start":{"line":84,"column":2},"end":{"line":95,"column":3}},"type":"if","locations":[{"start":{"line":84,"column":2},"end":{"line":95,"column":3}}]}},"s":{"0":23,"1":23,"2":23,"3":23,"4":23,"5":96,"6":31,"7":31,"8":1,"9":30,"10":95,"11":4,"12":4,"13":4,"14":0,"15":4,"16":4,"17":17,"18":13,"19":13,"20":13,"21":13,"22":0,"23":0,"24":0},"f":{"0":96,"1":4,"2":17},"b":{"0":[31],"1":[1],"2":[0,30],"3":[4,0],"4":[13]}}
,"C:\\project\\AC\\watch-together-server\\src\\logger.ts": {"path":"C:\\project\\AC\\watch-together-server\\src\\logger.ts","statementMap":{"0":{"start":{"line":79,"column":0},"end":{"line":79,"column":16}},"1":{"start":{"line":6,"column":0},"end":{"line":6,"column":24}},"2":{"start":{"line":7,"column":0},"end":{"line":7,"column":43}},"3":{"start":{"line":8,"column":0},"end":{"line":8,"column":28}},"4":{"start":{"line":11,"column":16},"end":{"line":11,"column":43}},"5":{"start":{"line":12,"column":0},"end":{"line":14,"column":1}},"6":{"start":{"line":13,"column":2},"end":{"line":13,"column":42}},"7":{"start":{"line":19,"column":0},"end":{"line":19,"column":null}},"8":{"start":{"line":20,"column":2},"end":{"line":20,"column":null}},"9":{"start":{"line":21,"column":2},"end":{"line":21,"column":null}},"10":{"start":{"line":22,"column":2},"end":{"line":22,"column":null}},"11":{"start":{"line":23,"column":2},"end":{"line":23,"column":null}},"12":{"start":{"line":30,"column":16},"end":{"line":30,"column":52}},"13":{"start":{"line":31,"column":2},"end":{"line":33,"column":3}},"14":{"start":{"line":32,"column":4},"end":{"line":32,"column":29}},"15":{"start":{"line":34,"column":2},"end":{"line":34,"column":23}},"16":{"start":{"line":42,"column":13},"end":{"line":74,"column":3}},"17":{"start":{"line":80,"column":2},"end":{"line":80,"column":32}}},"fnMap":{"0":{"name":"(anonymous_1)","decl":{"start":{"line":19,"column":0},"end":{"line":19,"column":12}},"loc":{"start":{"line":19,"column":20},"end":{"line":24,"column":1}}},"1":{"name":"getLogLevel","decl":{"start":{"line":29,"column":9},"end":{"line":29,"column":20}},"loc":{"start":{"line":29,"column":20},"end":{"line":35,"column":1}}},"2":{"name":"createChildLogger","decl":{"start":{"line":79,"column":16},"end":{"line":79,"column":33}},"loc":{"start":{"line":79,"column":67},"end":{"line":81,"column":1}}}},"branchMap":{"0":{"loc":{"start":{"line":12,"column":0},"end":{"line":14,"column":1}},"type":"if","locations":[{"start":{"line":12,"column":0},"end":{"line":14,"column":1}}]},"1":{"loc":{"start":{"line":19,"column":12},"end":{"line":19,"column":null}},"type":"binary-expr","locations":[{"start":{"line":19,"column":12},"end":{"line":19,"column":20}},{"start":{"line":19,"column":20},"end":{"line":19,"column":null}}]},"2":{"loc":{"start":{"line":31,"column":2},"end":{"line":33,"column":3}},"type":"if","locations":[{"start":{"line":31,"column":2},"end":{"line":33,"column":3}}]},"3":{"loc":{"start":{"line":31,"column":6},"end":{"line":31,"column":66}},"type":"binary-expr","locations":[{"start":{"line":31,"column":6},"end":{"line":31,"column":11}},{"start":{"line":31,"column":15},"end":{"line":31,"column":66}}]},"4":{"loc":{"start":{"line":45,"column":4},"end":{"line":54,"column":null}},"type":"cond-expr","locations":[{"start":{"line":46,"column":8},"end":{"line":46,"column":17}},{"start":{"line":47,"column":8},"end":{"line":54,"column":null}}]},"5":{"loc":{"start":{"line":56,"column":6},"end":{"line":67,"column":4}},"type":"binary-expr","locations":[{"start":{"line":56,"column":6},"end":{"line":56,"column":43}},{"start":{"line":56,"column":47},"end":{"line":67,"column":4}}]},"6":{"loc":{"start":{"line":70,"column":9},"end":{"line":70,"column":46}},"type":"binary-expr","locations":[{"start":{"line":70,"column":9},"end":{"line":70,"column":29}},{"start":{"line":70,"column":33},"end":{"line":70,"column":46}}]}},"s":{"0":21,"1":21,"2":21,"3":21,"4":21,"5":21,"6":0,"7":21,"8":21,"9":21,"10":21,"11":21,"12":21,"13":21,"14":0,"15":21,"16":21,"17":10},"f":{"0":21,"1":21,"2":10},"b":{"0":[0],"1":[21,21],"2":[0],"3":[21,0],"4":[0,21],"5":[21,0],"6":[21,0]}}
,"C:\\project\\AC\\watch-together-server\\src\\redis.ts": {"path":"C:\\project\\AC\\watch-together-server\\src\\redis.ts","statementMap":{"0":{"start":{"line":24,"column":0},"end":{"line":24,"column":16}},"1":{"start":{"line":103,"column":0},"end":{"line":103,"column":7}},"2":{"start":{"line":128,"column":0},"end":{"line":128,"column":7}},"3":{"start":{"line":304,"column":0},"end":{"line":304,"column":16}},"4":{"start":{"line":7,"column":0},"end":{"line":7,"column":46}},"5":{"start":{"line":15,"column":26},"end":{"line":15,"column":30}},"6":{"start":{"line":25,"column":2},"end":{"line":90,"column":3}},"7":{"start":{"line":27,"column":21},"end":{"line":27,"column":70}},"8":{"start":{"line":30,"column":41},"end":{"line":30,"column":49}},"9":{"start":{"line":32,"column":4},"end":{"line":44,"column":5}},"10":{"start":{"line":34,"column":6},"end":{"line":34,"column":24}},"11":{"start":{"line":36,"column":6},"end":{"line":36,"column":25}},"12":{"start":{"line":39,"column":6},"end":{"line":39,"column":89}},"13":{"start":{"line":40,"column":6},"end":{"line":43,"column":8}},"14":{"start":{"line":47,"column":44},"end":{"line":61,"column":6}},"15":{"start":{"line":50,"column":22},"end":{"line":50,"column":48}},"16":{"start":{"line":51,"column":8},"end":{"line":51,"column":21}},"17":{"start":{"line":64,"column":4},"end":{"line":68,"column":5}},"18":{"start":{"line":65,"column":6},"end":{"line":65,"column":52}},"19":{"start":{"line":67,"column":6},"end":{"line":67,"column":62}},"20":{"start":{"line":71,"column":4},"end":{"line":73,"column":7}},"21":{"start":{"line":72,"column":6},"end":{"line":72,"column":44}},"22":{"start":{"line":75,"column":4},"end":{"line":77,"column":7}},"23":{"start":{"line":76,"column":6},"end":{"line":76,"column":40}},"24":{"start":{"line":79,"column":4},"end":{"line":81,"column":7}},"25":{"start":{"line":80,"column":6},"end":{"line":80,"column":50}},"26":{"start":{"line":83,"column":4},"end":{"line":85,"column":7}},"27":{"start":{"line":84,"column":6},"end":{"line":84,"column":52}},"28":{"start":{"line":87,"column":4},"end":{"line":89,"column":7}},"29":{"start":{"line":88,"column":6},"end":{"line":88,"column":60}},"30":{"start":{"line":92,"column":2},"end":{"line":92,"column":15}},"31":{"start":{"line":104,"column":17},"end":{"line":104,"column":33}},"32":{"start":{"line":106,"column":2},"end":{"line":118,"column":3}},"33":{"start":{"line":108,"column":19},"end":{"line":108,"column":38}},"34":{"start":{"line":109,"column":4},"end":{"line":111,"column":5}},"35":{"start":{"line":110,"column":6},"end":{"line":110,"column":64}},"36":{"start":{"line":112,"column":4},"end":{"line":112,"column":48}},"37":{"start":{"line":114,"column":4},"end":{"line":114,"column":56}},"38":{"start":{"line":115,"column":4},"end":{"line":117,"column":6}},"39":{"start":{"line":129,"column":2},"end":{"line":140,"column":3}},"40":{"start":{"line":130,"column":4},"end":{"line":139,"column":5}},"41":{"start":{"line":131,"column":6},"end":{"line":131,"column":25}},"42":{"start":{"line":132,"column":6},"end":{"line":132,"column":53}},"43":{"start":{"line":133,"column":6},"end":{"line":133,"column":19}},"44":{"start":{"line":135,"column":6},"end":{"line":135,"column":62}},"45":{"start":{"line":137,"column":6},"end":{"line":137,"column":19}},"46":{"start":{"line":138,"column":6},"end":{"line":138,"column":18}},"47":{"start":{"line":152,"column":4},"end":{"line":152,"column":35}},"48":{"start":{"line":164,"column":24},"end":{"line":164,"column":81}},"49":{"start":{"line":166,"column":4},"end":{"line":170,"column":5}},"50":{"start":{"line":167,"column":6},"end":{"line":167,"column":71}},"51":{"start":{"line":169,"column":6},"end":{"line":169,"column":53}},"52":{"start":{"line":180,"column":4},"end":{"line":180,"column":38}},"53":{"start":{"line":190,"column":18},"end":{"line":190,"column":44}},"54":{"start":{"line":191,"column":4},"end":{"line":193,"column":5}},"55":{"start":{"line":192,"column":6},"end":{"line":192,"column":18}},"56":{"start":{"line":194,"column":4},"end":{"line":199,"column":5}},"57":{"start":{"line":195,"column":6},"end":{"line":195,"column":36}},"58":{"start":{"line":197,"column":6},"end":{"line":197,"column":67}},"59":{"start":{"line":198,"column":6},"end":{"line":198,"column":18}},"60":{"start":{"line":209,"column":4},"end":{"line":209,"column":38}},"61":{"start":{"line":219,"column":19},"end":{"line":219,"column":48}},"62":{"start":{"line":220,"column":4},"end":{"line":220,"column":24}},"63":{"start":{"line":230,"column":4},"end":{"line":230,"column":38}},"64":{"start":{"line":241,"column":4},"end":{"line":241,"column":53}},"65":{"start":{"line":252,"column":4},"end":{"line":252,"column":51}},"66":{"start":{"line":263,"column":4},"end":{"line":263,"column":51}},"67":{"start":{"line":273,"column":4},"end":{"line":273,"column":43}},"68":{"start":{"line":284,"column":19},"end":{"line":284,"column":59}},"69":{"start":{"line":285,"column":4},"end":{"line":285,"column":24}},"70":{"start":{"line":295,"column":4},"end":{"line":295,"column":40}},"71":{"start":{"line":148,"column":0},"end":{"line":148,"column":13}},"72":{"start":{"line":305,"column":2},"end":{"line":305,"column":28}}},"fnMap":{"0":{"name":"getRedisClient","decl":{"start":{"line":24,"column":16},"end":{"line":24,"column":30}},"loc":{"start":{"line":24,"column":30},"end":{"line":93,"column":1}}},"1":{"name":"(anonymous_2)","decl":{"start":{"line":49,"column":21},"end":{"line":49,"column":22}},"loc":{"start":{"line":49,"column":39},"end":{"line":52,"column":7}}},"2":{"name":"(anonymous_3)","decl":{"start":{"line":71,"column":24},"end":{"line":71,"column":27}},"loc":{"start":{"line":71,"column":29},"end":{"line":73,"column":5}}},"3":{"name":"(anonymous_4)","decl":{"start":{"line":75,"column":22},"end":{"line":75,"column":25}},"loc":{"start":{"line":75,"column":27},"end":{"line":77,"column":5}}},"4":{"name":"(anonymous_5)","decl":{"start":{"line":79,"column":22},"end":{"line":79,"column":27}},"loc":{"start":{"line":79,"column":30},"end":{"line":81,"column":5}}},"5":{"name":"(anonymous_6)","decl":{"start":{"line":83,"column":22},"end":{"line":83,"column":25}},"loc":{"start":{"line":83,"column":27},"end":{"line":85,"column":5}}},"6":{"name":"(anonymous_7)","decl":{"start":{"line":87,"column":29},"end":{"line":87,"column":30}},"loc":{"start":{"line":87,"column":46},"end":{"line":89,"column":5}}},"7":{"name":"connectRedis","decl":{"start":{"line":103,"column":22},"end":{"line":103,"column":34}},"loc":{"start":{"line":103,"column":34},"end":{"line":119,"column":1}}},"8":{"name":"disconnectRedis","decl":{"start":{"line":128,"column":22},"end":{"line":128,"column":37}},"loc":{"start":{"line":128,"column":37},"end":{"line":141,"column":1}}},"9":{"name":"(anonymous_10)","decl":{"start":{"line":151,"column":2},"end":{"line":151,"column":null}},"loc":{"start":{"line":151,"column":2},"end":{"line":153,"column":3}}},"10":{"name":"(anonymous_11)","decl":{"start":{"line":163,"column":2},"end":{"line":163,"column":7}},"loc":{"start":{"line":163,"column":68},"end":{"line":171,"column":3}}},"11":{"name":"(anonymous_12)","decl":{"start":{"line":179,"column":2},"end":{"line":179,"column":7}},"loc":{"start":{"line":179,"column":23},"end":{"line":181,"column":3}}},"12":{"name":"(anonymous_13)","decl":{"start":{"line":189,"column":2},"end":{"line":189,"column":7}},"loc":{"start":{"line":189,"column":36},"end":{"line":200,"column":3}}},"13":{"name":"(anonymous_14)","decl":{"start":{"line":208,"column":2},"end":{"line":208,"column":7}},"loc":{"start":{"line":208,"column":26},"end":{"line":210,"column":3}}},"14":{"name":"(anonymous_15)","decl":{"start":{"line":218,"column":2},"end":{"line":218,"column":7}},"loc":{"start":{"line":218,"column":26},"end":{"line":221,"column":3}}},"15":{"name":"(anonymous_16)","decl":{"start":{"line":229,"column":2},"end":{"line":229,"column":7}},"loc":{"start":{"line":229,"column":23},"end":{"line":231,"column":3}}},"16":{"name":"(anonymous_17)","decl":{"start":{"line":240,"column":2},"end":{"line":240,"column":7}},"loc":{"start":{"line":240,"column":46},"end":{"line":242,"column":3}}},"17":{"name":"(anonymous_18)","decl":{"start":{"line":251,"column":2},"end":{"line":251,"column":7}},"loc":{"start":{"line":251,"column":57},"end":{"line":253,"column":3}}},"18":{"name":"(anonymous_19)","decl":{"start":{"line":262,"column":2},"end":{"line":262,"column":7}},"loc":{"start":{"line":262,"column":57},"end":{"line":264,"column":3}}},"19":{"name":"(anonymous_20)","decl":{"start":{"line":272,"column":2},"end":{"line":272,"column":7}},"loc":{"start":{"line":272,"column":28},"end":{"line":274,"column":3}}},"20":{"name":"(anonymous_21)","decl":{"start":{"line":283,"column":2},"end":{"line":283,"column":7}},"loc":{"start":{"line":283,"column":54},"end":{"line":286,"column":3}}},"21":{"name":"(anonymous_22)","decl":{"start":{"line":294,"column":2},"end":{"line":294,"column":7}},"loc":{"start":{"line":294,"column":25},"end":{"line":296,"column":3}}},"22":{"name":"getCacheService","decl":{"start":{"line":304,"column":16},"end":{"line":304,"column":31}},"loc":{"start":{"line":304,"column":31},"end":{"line":306,"column":1}}}},"branchMap":{"0":{"loc":{"start":{"line":25,"column":2},"end":{"line":90,"column":3}},"type":"if","locations":[{"start":{"line":25,"column":2},"end":{"line":90,"column":3}}]},"1":{"loc":{"start":{"line":27,"column":21},"end":{"line":27,"column":70}},"type":"binary-expr","locations":[{"start":{"line":27,"column":21},"end":{"line":27,"column":42}},{"start":{"line":27,"column":46},"end":{"line":27,"column":70}}]},"2":{"loc":{"start":{"line":64,"column":4},"end":{"line":68,"column":5}},"type":"if","locations":[{"start":{"line":64,"column":4},"end":{"line":68,"column":5}},{"start":{"line":66,"column":11},"end":{"line":68,"column":5}}]},"3":{"loc":{"start":{"line":109,"column":4},"end":{"line":111,"column":5}},"type":"if","locations":[{"start":{"line":109,"column":4},"end":{"line":111,"column":5}}]},"4":{"loc":{"start":{"line":116,"column":34},"end":{"line":116,"column":90}},"type":"cond-expr","locations":[{"start":{"line":116,"column":59},"end":{"line":116,"column":72}},{"start":{"line":116,"column":75},"end":{"line":116,"column":90}}]},"5":{"loc":{"start":{"line":129,"column":2},"end":{"line":140,"column":3}},"type":"if","locations":[{"start":{"line":129,"column":2},"end":{"line":140,"column":3}}]},"6":{"loc":{"start":{"line":164,"column":24},"end":{"line":164,"column":81}},"type":"cond-expr","locations":[{"start":{"line":164,"column":52},"end":{"line":164,"column":57}},{"start":{"line":164,"column":60},"end":{"line":164,"column":81}}]},"7":{"loc":{"start":{"line":166,"column":4},"end":{"line":170,"column":5}},"type":"if","locations":[{"start":{"line":166,"column":4},"end":{"line":170,"column":5}},{"start":{"line":168,"column":11},"end":{"line":170,"column":5}}]},"8":{"loc":{"start":{"line":191,"column":4},"end":{"line":193,"column":5}},"type":"if","locations":[{"start":{"line":191,"column":4},"end":{"line":193,"column":5}}]}},"s":{"0":23,"1":23,"2":23,"3":23,"4":23,"5":23,"6":238,"7":34,"8":34,"9":34,"10":34,"11":33,"12":1,"13":1,"14":34,"15":699,"16":699,"17":34,"18":33,"19":1,"20":34,"21":0,"22":34,"23":0,"24":34,"25":699,"26":34,"27":699,"28":34,"29":699,"30":238,"31":0,"32":0,"33":0,"34":0,"35":0,"36":0,"37":0,"38":0,"39":25,"40":25,"41":25,"42":25,"43":25,"44":0,"45":0,"46":0,"47":230,"48":1,"49":1,"50":1,"51":0,"52":209,"53":0,"54":0,"55":0,"56":0,"57":0,"58":0,"59":0,"60":18,"61":0,"62":0,"63":1,"64":0,"65":0,"66":0,"67":0,"68":0,"69":0,"70":0,"71":23,"72":230},"f":{"0":238,"1":699,"2":0,"3":0,"4":699,"5":699,"6":699,"7":0,"8":25,"9":230,"10":1,"11":209,"12":0,"13":18,"14":0,"15":1,"16":0,"17":0,"18":0,"19":0,"20":0,"21":0,"22":230},"b":{"0":[34],"1":[34,10],"2":[33,1],"3":[0],"4":[0,0],"5":[25],"6":[1,0],"7":[1,0],"8":[0]}}
,"C:\\project\\AC\\watch-together-server\\src\\websocket.ts": {"path":"C:\\project\\AC\\watch-together-server\\src\\websocket.ts","statementMap":{"0":{"start":{"line":1207,"column":0},"end":{"line":1207,"column":16}},"1":{"start":{"line":1238,"column":0},"end":{"line":1238,"column":7}},"2":{"start":{"line":1262,"column":0},"end":{"line":1262,"column":16}},"3":{"start":{"line":1276,"column":0},"end":{"line":1276,"column":16}},"4":{"start":{"line":1298,"column":0},"end":{"line":1298,"column":16}},"5":{"start":{"line":7,"column":0},"end":{"line":7,"column":48}},"6":{"start":{"line":9,"column":0},"end":{"line":9,"column":26}},"7":{"start":{"line":10,"column":0},"end":{"line":10,"column":39}},"8":{"start":{"line":11,"column":0},"end":{"line":11,"column":42}},"9":{"start":{"line":12,"column":0},"end":{"line":12,"column":45}},"10":{"start":{"line":31,"column":34},"end":{"line":31,"column":38}},"11":{"start":{"line":36,"column":17},"end":{"line":36,"column":62}},"12":{"start":{"line":41,"column":20},"end":{"line":41,"column":71}},"13":{"start":{"line":47,"column":26},"end":{"line":47,"column":51}},"14":{"start":{"line":52,"column":25},"end":{"line":56,"column":2}},"15":{"start":{"line":66,"column":24},"end":{"line":66,"column":44}},"16":{"start":{"line":67,"column":2},"end":{"line":67,"column":36}},"17":{"start":{"line":78,"column":24},"end":{"line":78,"column":44}},"18":{"start":{"line":79,"column":2},"end":{"line":79,"column":36}},"19":{"start":{"line":89,"column":2},"end":{"line":104,"column":3}},"20":{"start":{"line":90,"column":19},"end":{"line":90,"column":36}},"21":{"start":{"line":91,"column":17},"end":{"line":93,"column":6}},"22":{"start":{"line":96,"column":4},"end":{"line":98,"column":5}},"23":{"start":{"line":97,"column":6},"end":{"line":97,"column":19}},"24":{"start":{"line":100,"column":4},"end":{"line":100,"column":16}},"25":{"start":{"line":102,"column":4},"end":{"line":102,"column":69}},"26":{"start":{"line":103,"column":4},"end":{"line":103,"column":17}},"27":{"start":{"line":115,"column":2},"end":{"line":129,"column":3}},"28":{"start":{"line":116,"column":19},"end":{"line":116,"column":36}},"29":{"start":{"line":117,"column":19},"end":{"line":123,"column":6}},"30":{"start":{"line":125,"column":4},"end":{"line":125,"column":27}},"31":{"start":{"line":127,"column":4},"end":{"line":127,"column":77}},"32":{"start":{"line":128,"column":4},"end":{"line":128,"column":17}},"33":{"start":{"line":140,"column":2},"end":{"line":149,"column":3}},"34":{"start":{"line":141,"column":18},"end":{"line":141,"column":35}},"35":{"start":{"line":142,"column":16},"end":{"line":142,"column":47}},"36":{"start":{"line":143,"column":4},"end":{"line":143,"column":34}},"37":{"start":{"line":145,"column":4},"end":{"line":145,"column":42}},"38":{"start":{"line":147,"column":4},"end":{"line":147,"column":97}},"39":{"start":{"line":160,"column":2},"end":{"line":167,"column":3}},"40":{"start":{"line":161,"column":18},"end":{"line":161,"column":35}},"41":{"start":{"line":162,"column":16},"end":{"line":162,"column":47}},"42":{"start":{"line":163,"column":4},"end":{"line":163,"column":34}},"43":{"start":{"line":165,"column":4},"end":{"line":165,"column":100}},"44":{"start":{"line":178,"column":23},"end":{"line":178,"column":55}},"45":{"start":{"line":179,"column":2},"end":{"line":186,"column":3}},"46":{"start":{"line":180,"column":4},"end":{"line":182,"column":5}},"47":{"start":{"line":181,"column":6},"end":{"line":181,"column":47}},"48":{"start":{"line":183,"column":4},"end":{"line":185,"column":5}},"49":{"start":{"line":184,"column":6},"end":{"line":184,"column":50}},"50":{"start":{"line":189,"column":17},"end":{"line":189,"column":43}},"51":{"start":{"line":190,"column":2},"end":{"line":197,"column":3}},"52":{"start":{"line":191,"column":4},"end":{"line":193,"column":5}},"53":{"start":{"line":192,"column":6},"end":{"line":192,"column":20}},"54":{"start":{"line":194,"column":4},"end":{"line":196,"column":5}},"55":{"start":{"line":195,"column":6},"end":{"line":195,"column":23}},"56":{"start":{"line":200,"column":2},"end":{"line":200,"column":48}},"57":{"start":{"line":210,"column":2},"end":{"line":224,"column":3}},"58":{"start":{"line":211,"column":18},"end":{"line":211,"column":35}},"59":{"start":{"line":212,"column":16},"end":{"line":212,"column":47}},"60":{"start":{"line":215,"column":25},"end":{"line":215,"column":47}},"61":{"start":{"line":218,"column":4},"end":{"line":218,"column":63}},"62":{"start":{"line":221,"column":4},"end":{"line":221,"column":98}},"63":{"start":{"line":222,"column":25},"end":{"line":222,"column":61}},"64":{"start":{"line":223,"column":4},"end":{"line":223,"column":63}},"65":{"start":{"line":235,"column":2},"end":{"line":248,"column":3}},"66":{"start":{"line":236,"column":18},"end":{"line":236,"column":35}},"67":{"start":{"line":237,"column":16},"end":{"line":237,"column":47}},"68":{"start":{"line":240,"column":4},"end":{"line":240,"column":40}},"69":{"start":{"line":242,"column":4},"end":{"line":242,"column":37}},"70":{"start":{"line":245,"column":4},"end":{"line":245,"column":116}},"71":{"start":{"line":246,"column":25},"end":{"line":246,"column":61}},"72":{"start":{"line":247,"column":4},"end":{"line":247,"column":54}},"73":{"start":{"line":259,"column":2},"end":{"line":280,"column":3}},"74":{"start":{"line":260,"column":18},"end":{"line":260,"column":35}},"75":{"start":{"line":261,"column":16},"end":{"line":261,"column":47}},"76":{"start":{"line":264,"column":4},"end":{"line":264,"column":40}},"77":{"start":{"line":267,"column":18},"end":{"line":267,"column":40}},"78":{"start":{"line":268,"column":4},"end":{"line":270,"column":5}},"79":{"start":{"line":269,"column":6},"end":{"line":269,"column":30}},"80":{"start":{"line":273,"column":4},"end":{"line":273,"column":116}},"81":{"start":{"line":274,"column":25},"end":{"line":274,"column":61}},"82":{"start":{"line":275,"column":4},"end":{"line":279,"column":5}},"83":{"start":{"line":276,"column":6},"end":{"line":276,"column":41}},"84":{"start":{"line":278,"column":6},"end":{"line":278,"column":56}},"85":{"start":{"line":291,"column":2},"end":{"line":306,"column":3}},"86":{"start":{"line":292,"column":19},"end":{"line":292,"column":36}},"87":{"start":{"line":293,"column":4},"end":{"line":302,"column":7}},"88":{"start":{"line":304,"column":4},"end":{"line":304,"column":98}},"89":{"start":{"line":315,"column":14},"end":{"line":315,"column":24}},"90":{"start":{"line":316,"column":2},"end":{"line":316,"column":32}},"91":{"start":{"line":319,"column":2},"end":{"line":327,"column":36}},"92":{"start":{"line":320,"column":4},"end":{"line":326,"column":5}},"93":{"start":{"line":321,"column":6},"end":{"line":325,"column":7}},"94":{"start":{"line":322,"column":8},"end":{"line":322,"column":29}},"95":{"start":{"line":324,"column":8},"end":{"line":324,"column":124}},"96":{"start":{"line":330,"column":2},"end":{"line":339,"column":12}},"97":{"start":{"line":331,"column":30},"end":{"line":331,"column":66}},"98":{"start":{"line":332,"column":4},"end":{"line":338,"column":5}},"99":{"start":{"line":333,"column":6},"end":{"line":333,"column":119}},"100":{"start":{"line":335,"column":6},"end":{"line":337,"column":7}},"101":{"start":{"line":336,"column":8},"end":{"line":336,"column":83}},"102":{"start":{"line":348,"column":2},"end":{"line":351,"column":3}},"103":{"start":{"line":349,"column":4},"end":{"line":349,"column":43}},"104":{"start":{"line":350,"column":4},"end":{"line":350,"column":40}},"105":{"start":{"line":352,"column":2},"end":{"line":355,"column":3}},"106":{"start":{"line":353,"column":4},"end":{"line":353,"column":43}},"107":{"start":{"line":354,"column":4},"end":{"line":354,"column":40}},"108":{"start":{"line":385,"column":2},"end":{"line":464,"column":3}},"109":{"start":{"line":386,"column":19},"end":{"line":386,"column":36}},"110":{"start":{"line":389,"column":17},"end":{"line":394,"column":6}},"111":{"start":{"line":396,"column":4},"end":{"line":398,"column":5}},"112":{"start":{"line":397,"column":6},"end":{"line":397,"column":40}},"113":{"start":{"line":401,"column":20},"end":{"line":415,"column":6}},"114":{"start":{"line":418,"column":21},"end":{"line":433,"column":6}},"115":{"start":{"line":436,"column":29},"end":{"line":453,"column":6}},"116":{"start":{"line":438,"column":38},"end":{"line":443,"column":8}},"117":{"start":{"line":446,"column":21},"end":{"line":452,"column":10}},"118":{"start":{"line":455,"column":4},"end":{"line":455,"column":17}},"119":{"start":{"line":457,"column":4},"end":{"line":457,"column":80}},"120":{"start":{"line":459,"column":4},"end":{"line":463,"column":6}},"121":{"start":{"line":474,"column":2},"end":{"line":494,"column":3}},"122":{"start":{"line":475,"column":18},"end":{"line":475,"column":44}},"123":{"start":{"line":477,"column":20},"end":{"line":481,"column":6}},"124":{"start":{"line":483,"column":4},"end":{"line":483,"column":37}},"125":{"start":{"line":485,"column":4},"end":{"line":485,"column":80}},"126":{"start":{"line":487,"column":4},"end":{"line":493,"column":6}},"127":{"start":{"line":504,"column":2},"end":{"line":551,"column":3}},"128":{"start":{"line":506,"column":19},"end":{"line":506,"column":36}},"129":{"start":{"line":507,"column":19},"end":{"line":519,"column":6}},"130":{"start":{"line":521,"column":4},"end":{"line":524,"column":5}},"131":{"start":{"line":522,"column":6},"end":{"line":522,"column":84}},"132":{"start":{"line":523,"column":6},"end":{"line":523,"column":13}},"133":{"start":{"line":527,"column":20},"end":{"line":536,"column":6}},"134":{"start":{"line":539,"column":28},"end":{"line":539,"column":51}},"135":{"start":{"line":540,"column":4},"end":{"line":548,"column":5}},"136":{"start":{"line":541,"column":25},"end":{"line":541,"column":48}},"137":{"start":{"line":542,"column":6},"end":{"line":547,"column":9}},"138":{"start":{"line":544,"column":8},"end":{"line":546,"column":9}},"139":{"start":{"line":545,"column":10},"end":{"line":545,"column":41}},"140":{"start":{"line":550,"column":4},"end":{"line":550,"column":96}},"141":{"start":{"line":562,"column":16},"end":{"line":562,"column":54}},"142":{"start":{"line":563,"column":21},"end":{"line":563,"column":23}},"143":{"start":{"line":564,"column":2},"end":{"line":566,"column":3}},"144":{"start":{"line":564,"column":15},"end":{"line":564,"column":16}},"145":{"start":{"line":565,"column":4},"end":{"line":565,"column":75}},"146":{"start":{"line":567,"column":2},"end":{"line":567,"column":31}},"147":{"start":{"line":597,"column":2},"end":{"line":599,"column":3}},"148":{"start":{"line":598,"column":4},"end":{"line":598,"column":53}},"149":{"start":{"line":601,"column":2},"end":{"line":603,"column":3}},"150":{"start":{"line":602,"column":4},"end":{"line":602,"column":55}},"151":{"start":{"line":605,"column":2},"end":{"line":607,"column":3}},"152":{"start":{"line":606,"column":4},"end":{"line":606,"column":54}},"153":{"start":{"line":610,"column":2},"end":{"line":612,"column":3}},"154":{"start":{"line":611,"column":4},"end":{"line":611,"column":53}},"155":{"start":{"line":615,"column":2},"end":{"line":617,"column":3}},"156":{"start":{"line":616,"column":4},"end":{"line":616,"column":39}},"157":{"start":{"line":620,"column":2},"end":{"line":622,"column":3}},"158":{"start":{"line":621,"column":4},"end":{"line":621,"column":52}},"159":{"start":{"line":624,"column":2},"end":{"line":624,"column":14}},"160":{"start":{"line":633,"column":2},"end":{"line":639,"column":3}},"161":{"start":{"line":634,"column":19},"end":{"line":634,"column":31}},"162":{"start":{"line":636,"column":4},"end":{"line":636,"column":71}},"163":{"start":{"line":638,"column":4},"end":{"line":638,"column":17}},"164":{"start":{"line":650,"column":2},"end":{"line":652,"column":3}},"165":{"start":{"line":651,"column":4},"end":{"line":651,"column":53}},"166":{"start":{"line":654,"column":2},"end":{"line":656,"column":3}},"167":{"start":{"line":655,"column":4},"end":{"line":655,"column":50}},"168":{"start":{"line":659,"column":21},"end":{"line":659,"column":39}},"169":{"start":{"line":660,"column":2},"end":{"line":662,"column":3}},"170":{"start":{"line":661,"column":4},"end":{"line":661,"column":35}},"171":{"start":{"line":664,"column":2},"end":{"line":666,"column":3}},"172":{"start":{"line":665,"column":4},"end":{"line":665,"column":51}},"173":{"start":{"line":668,"column":2},"end":{"line":668,"column":14}},"174":{"start":{"line":685,"column":2},"end":{"line":815,"column":3}},"175":{"start":{"line":687,"column":28},"end":{"line":687,"column":61}},"176":{"start":{"line":688,"column":4},"end":{"line":697,"column":5}},"177":{"start":{"line":689,"column":6},"end":{"line":695,"column":8}},"178":{"start":{"line":696,"column":6},"end":{"line":696,"column":13}},"179":{"start":{"line":700,"column":4},"end":{"line":709,"column":5}},"180":{"start":{"line":701,"column":6},"end":{"line":707,"column":8}},"181":{"start":{"line":708,"column":6},"end":{"line":708,"column":13}},"182":{"start":{"line":712,"column":23},"end":{"line":712,"column":63}},"183":{"start":{"line":713,"column":4},"end":{"line":722,"column":5}},"184":{"start":{"line":714,"column":6},"end":{"line":720,"column":8}},"185":{"start":{"line":721,"column":6},"end":{"line":721,"column":13}},"186":{"start":{"line":724,"column":19},"end":{"line":724,"column":36}},"187":{"start":{"line":727,"column":17},"end":{"line":729,"column":6}},"188":{"start":{"line":731,"column":4},"end":{"line":740,"column":5}},"189":{"start":{"line":732,"column":6},"end":{"line":738,"column":8}},"190":{"start":{"line":739,"column":6},"end":{"line":739,"column":13}},"191":{"start":{"line":743,"column":19},"end":{"line":752,"column":6}},"192":{"start":{"line":754,"column":4},"end":{"line":763,"column":5}},"193":{"start":{"line":755,"column":6},"end":{"line":761,"column":8}},"194":{"start":{"line":762,"column":6},"end":{"line":762,"column":13}},"195":{"start":{"line":765,"column":23},"end":{"line":765,"column":41}},"196":{"start":{"line":766,"column":19},"end":{"line":766,"column":34}},"197":{"start":{"line":769,"column":4},"end":{"line":776,"column":7}},"198":{"start":{"line":779,"column":4},"end":{"line":789,"column":7}},"199":{"start":{"line":792,"column":29},"end":{"line":802,"column":6}},"200":{"start":{"line":805,"column":4},"end":{"line":805,"column":46}},"201":{"start":{"line":807,"column":4},"end":{"line":807,"column":89}},"202":{"start":{"line":808,"column":4},"end":{"line":814,"column":6}},"203":{"start":{"line":832,"column":2},"end":{"line":936,"column":3}},"204":{"start":{"line":834,"column":28},"end":{"line":834,"column":56}},"205":{"start":{"line":835,"column":4},"end":{"line":844,"column":5}},"206":{"start":{"line":836,"column":6},"end":{"line":842,"column":8}},"207":{"start":{"line":843,"column":6},"end":{"line":843,"column":13}},"208":{"start":{"line":847,"column":4},"end":{"line":856,"column":5}},"209":{"start":{"line":848,"column":6},"end":{"line":854,"column":8}},"210":{"start":{"line":855,"column":6},"end":{"line":855,"column":13}},"211":{"start":{"line":859,"column":23},"end":{"line":859,"column":63}},"212":{"start":{"line":860,"column":4},"end":{"line":869,"column":5}},"213":{"start":{"line":861,"column":6},"end":{"line":867,"column":8}},"214":{"start":{"line":868,"column":6},"end":{"line":868,"column":13}},"215":{"start":{"line":872,"column":19},"end":{"line":872,"column":36}},"216":{"start":{"line":873,"column":19},"end":{"line":882,"column":6}},"217":{"start":{"line":884,"column":4},"end":{"line":893,"column":5}},"218":{"start":{"line":885,"column":6},"end":{"line":891,"column":8}},"219":{"start":{"line":892,"column":6},"end":{"line":892,"column":13}},"220":{"start":{"line":896,"column":27},"end":{"line":896,"column":42}},"221":{"start":{"line":899,"column":22},"end":{"line":899,"column":41}},"222":{"start":{"line":902,"column":25},"end":{"line":910,"column":6}},"223":{"start":{"line":913,"column":29},"end":{"line":923,"column":6}},"224":{"start":{"line":926,"column":4},"end":{"line":926,"column":46}},"225":{"start":{"line":928,"column":4},"end":{"line":928,"column":91}},"226":{"start":{"line":929,"column":4},"end":{"line":935,"column":6}},"227":{"start":{"line":946,"column":2},"end":{"line":990,"column":3}},"228":{"start":{"line":948,"column":19},"end":{"line":948,"column":36}},"229":{"start":{"line":949,"column":19},"end":{"line":959,"column":6}},"230":{"start":{"line":961,"column":4},"end":{"line":964,"column":5}},"231":{"start":{"line":962,"column":6},"end":{"line":962,"column":82}},"232":{"start":{"line":963,"column":6},"end":{"line":963,"column":13}},"233":{"start":{"line":967,"column":20},"end":{"line":975,"column":6}},"234":{"start":{"line":978,"column":28},"end":{"line":978,"column":51}},"235":{"start":{"line":979,"column":4},"end":{"line":987,"column":5}},"236":{"start":{"line":980,"column":25},"end":{"line":980,"column":48}},"237":{"start":{"line":981,"column":6},"end":{"line":986,"column":9}},"238":{"start":{"line":983,"column":8},"end":{"line":985,"column":9}},"239":{"start":{"line":984,"column":10},"end":{"line":984,"column":41}},"240":{"start":{"line":989,"column":4},"end":{"line":989,"column":94}},"241":{"start":{"line":1000,"column":2},"end":{"line":1198,"column":3}},"242":{"start":{"line":1002,"column":16},"end":{"line":1002,"column":58}},"243":{"start":{"line":1003,"column":19},"end":{"line":1003,"column":49}},"244":{"start":{"line":1004,"column":19},"end":{"line":1004,"column":49}},"245":{"start":{"line":1007,"column":4},"end":{"line":1010,"column":5}},"246":{"start":{"line":1008,"column":6},"end":{"line":1008,"column":84}},"247":{"start":{"line":1009,"column":6},"end":{"line":1009,"column":13}},"248":{"start":{"line":1013,"column":4},"end":{"line":1016,"column":5}},"249":{"start":{"line":1014,"column":6},"end":{"line":1014,"column":46}},"250":{"start":{"line":1015,"column":6},"end":{"line":1015,"column":13}},"251":{"start":{"line":1018,"column":4},"end":{"line":1021,"column":5}},"252":{"start":{"line":1019,"column":6},"end":{"line":1019,"column":46}},"253":{"start":{"line":1020,"column":6},"end":{"line":1020,"column":13}},"254":{"start":{"line":1024,"column":21},"end":{"line":1024,"column":37}},"255":{"start":{"line":1027,"column":25},"end":{"line":1027,"column":103}},"256":{"start":{"line":1030,"column":23},"end":{"line":1030,"column":59}},"257":{"start":{"line":1031,"column":4},"end":{"line":1034,"column":5}},"258":{"start":{"line":1032,"column":6},"end":{"line":1032,"column":118}},"259":{"start":{"line":1033,"column":6},"end":{"line":1033,"column":13}},"260":{"start":{"line":1037,"column":23},"end":{"line":1037,"column":49}},"261":{"start":{"line":1038,"column":4},"end":{"line":1041,"column":5}},"262":{"start":{"line":1039,"column":6},"end":{"line":1039,"column":50}},"263":{"start":{"line":1040,"column":6},"end":{"line":1040,"column":13}},"264":{"start":{"line":1044,"column":23},"end":{"line":1044,"column":63}},"265":{"start":{"line":1045,"column":4},"end":{"line":1048,"column":5}},"266":{"start":{"line":1046,"column":6},"end":{"line":1046,"column":41}},"267":{"start":{"line":1047,"column":6},"end":{"line":1047,"column":13}},"268":{"start":{"line":1051,"column":44},"end":{"line":1058,"column":6}},"269":{"start":{"line":1061,"column":4},"end":{"line":1061,"column":61}},"270":{"start":{"line":1064,"column":28},"end":{"line":1064,"column":88}},"271":{"start":{"line":1067,"column":4},"end":{"line":1069,"column":5}},"272":{"start":{"line":1068,"column":6},"end":{"line":1068,"column":41}},"273":{"start":{"line":1070,"column":4},"end":{"line":1070,"column":53}},"274":{"start":{"line":1073,"column":4},"end":{"line":1073,"column":49}},"275":{"start":{"line":1076,"column":4},"end":{"line":1076,"column":31}},"276":{"start":{"line":1078,"column":4},"end":{"line":1078,"column":75}},"277":{"start":{"line":1081,"column":4},"end":{"line":1083,"column":5}},"278":{"start":{"line":1082,"column":6},"end":{"line":1082,"column":50}},"279":{"start":{"line":1086,"column":4},"end":{"line":1092,"column":7}},"280":{"start":{"line":1087,"column":6},"end":{"line":1087,"column":43}},"281":{"start":{"line":1089,"column":6},"end":{"line":1091,"column":9}},"282":{"start":{"line":1090,"column":8},"end":{"line":1090,"column":103}},"283":{"start":{"line":1095,"column":4},"end":{"line":1138,"column":7}},"284":{"start":{"line":1097,"column":6},"end":{"line":1097,"column":43}},"285":{"start":{"line":1098,"column":6},"end":{"line":1137,"column":7}},"286":{"start":{"line":1099,"column":24},"end":{"line":1099,"column":51}},"287":{"start":{"line":1100,"column":8},"end":{"line":1100,"column":100}},"288":{"start":{"line":1103,"column":8},"end":{"line":1106,"column":9}},"289":{"start":{"line":1104,"column":10},"end":{"line":1104,"column":42}},"290":{"start":{"line":1105,"column":10},"end":{"line":1105,"column":17}},"291":{"start":{"line":1109,"column":8},"end":{"line":1112,"column":9}},"292":{"start":{"line":1110,"column":10},"end":{"line":1110,"column":85}},"293":{"start":{"line":1111,"column":10},"end":{"line":1111,"column":17}},"294":{"start":{"line":1115,"column":8},"end":{"line":1118,"column":9}},"295":{"start":{"line":1116,"column":10},"end":{"line":1116,"column":81}},"296":{"start":{"line":1117,"column":10},"end":{"line":1117,"column":17}},"297":{"start":{"line":1121,"column":8},"end":{"line":1127,"column":10}},"298":{"start":{"line":1129,"column":8},"end":{"line":1129,"column":99}},"299":{"start":{"line":1130,"column":8},"end":{"line":1136,"column":10}},"300":{"start":{"line":1141,"column":4},"end":{"line":1174,"column":7}},"301":{"start":{"line":1142,"column":6},"end":{"line":1142,"column":66}},"302":{"start":{"line":1145,"column":6},"end":{"line":1145,"column":32}},"303":{"start":{"line":1148,"column":6},"end":{"line":1150,"column":7}},"304":{"start":{"line":1149,"column":8},"end":{"line":1149,"column":87}},"305":{"start":{"line":1153,"column":6},"end":{"line":1153,"column":53}},"306":{"start":{"line":1156,"column":30},"end":{"line":1156,"column":53}},"307":{"start":{"line":1157,"column":30},"end":{"line":1157,"column":73}},"308":{"start":{"line":1160,"column":6},"end":{"line":1165,"column":7}},"309":{"start":{"line":1161,"column":8},"end":{"line":1161,"column":39}},"310":{"start":{"line":1162,"column":8},"end":{"line":1164,"column":9}},"311":{"start":{"line":1163,"column":10},"end":{"line":1163,"column":37}},"312":{"start":{"line":1168,"column":6},"end":{"line":1168,"column":54}},"313":{"start":{"line":1171,"column":6},"end":{"line":1173,"column":7}},"314":{"start":{"line":1172,"column":8},"end":{"line":1172,"column":50}},"315":{"start":{"line":1177,"column":4},"end":{"line":1179,"column":7}},"316":{"start":{"line":1178,"column":6},"end":{"line":1178,"column":81}},"317":{"start":{"line":1182,"column":4},"end":{"line":1191,"column":6}},"318":{"start":{"line":1194,"column":4},"end":{"line":1194,"column":36}},"319":{"start":{"line":1196,"column":4},"end":{"line":1196,"column":83}},"320":{"start":{"line":1197,"column":4},"end":{"line":1197,"column":44}},"321":{"start":{"line":1208,"column":2},"end":{"line":1210,"column":3}},"322":{"start":{"line":1209,"column":4},"end":{"line":1209,"column":15}},"323":{"start":{"line":1212,"column":2},"end":{"line":1215,"column":5}},"324":{"start":{"line":1217,"column":2},"end":{"line":1222,"column":5}},"325":{"start":{"line":1218,"column":4},"end":{"line":1221,"column":7}},"326":{"start":{"line":1219,"column":6},"end":{"line":1219,"column":75}},"327":{"start":{"line":1220,"column":6},"end":{"line":1220,"column":46}},"328":{"start":{"line":1224,"column":2},"end":{"line":1226,"column":5}},"329":{"start":{"line":1225,"column":4},"end":{"line":1225,"column":70}},"330":{"start":{"line":1228,"column":2},"end":{"line":1228,"column":61}},"331":{"start":{"line":1230,"column":2},"end":{"line":1230,"column":13}},"332":{"start":{"line":1239,"column":2},"end":{"line":1253,"column":3}},"333":{"start":{"line":1240,"column":4},"end":{"line":1252,"column":7}},"334":{"start":{"line":1241,"column":6},"end":{"line":1251,"column":9}},"335":{"start":{"line":1242,"column":8},"end":{"line":1250,"column":9}},"336":{"start":{"line":1243,"column":10},"end":{"line":1243,"column":84}},"337":{"start":{"line":1244,"column":10},"end":{"line":1244,"column":24}},"338":{"start":{"line":1246,"column":10},"end":{"line":1246,"column":51}},"339":{"start":{"line":1247,"column":10},"end":{"line":1247,"column":21}},"340":{"start":{"line":1248,"column":10},"end":{"line":1248,"column":30}},"341":{"start":{"line":1249,"column":10},"end":{"line":1249,"column":20}},"342":{"start":{"line":1263,"column":26},"end":{"line":1263,"column":49}},"343":{"start":{"line":1264,"column":2},"end":{"line":1266,"column":3}},"344":{"start":{"line":1265,"column":4},"end":{"line":1265,"column":14}},"345":{"start":{"line":1267,"column":2},"end":{"line":1267,"column":46}},"346":{"start":{"line":1277,"column":26},"end":{"line":1277,"column":49}},"347":{"start":{"line":1278,"column":2},"end":{"line":1280,"column":3}},"348":{"start":{"line":1279,"column":4},"end":{"line":1279,"column":11}},"349":{"start":{"line":1282,"column":21},"end":{"line":1282,"column":44}},"350":{"start":{"line":1283,"column":2},"end":{"line":1287,"column":5}},"351":{"start":{"line":1284,"column":4},"end":{"line":1286,"column":5}},"352":{"start":{"line":1285,"column":6},"end":{"line":1285,"column":37}},"353":{"start":{"line":1299,"column":26},"end":{"line":1299,"column":49}},"354":{"start":{"line":1300,"column":2},"end":{"line":1302,"column":3}},"355":{"start":{"line":1301,"column":4},"end":{"line":1301,"column":17}},"356":{"start":{"line":1304,"column":21},"end":{"line":1304,"column":48}},"357":{"start":{"line":1305,"column":2},"end":{"line":1307,"column":3}},"358":{"start":{"line":1306,"column":4},"end":{"line":1306,"column":17}},"359":{"start":{"line":1309,"column":2},"end":{"line":1309,"column":46}},"360":{"start":{"line":1310,"column":2},"end":{"line":1310,"column":14}}},"fnMap":{"0":{"name":"isValidRoomIdFormat","decl":{"start":{"line":64,"column":9},"end":{"line":64,"column":28}},"loc":{"start":{"line":64,"column":43},"end":{"line":68,"column":1}}},"1":{"name":"isValidUserIdFormat","decl":{"start":{"line":76,"column":9},"end":{"line":76,"column":28}},"loc":{"start":{"line":76,"column":43},"end":{"line":80,"column":1}}},"2":{"name":"validateRoom","decl":{"start":{"line":88,"column":15},"end":{"line":88,"column":27}},"loc":{"start":{"line":88,"column":42},"end":{"line":105,"column":1}}},"3":{"name":"validateUserInRoom","decl":{"start":{"line":114,"column":15},"end":{"line":114,"column":33}},"loc":{"start":{"line":114,"column":64},"end":{"line":130,"column":1}}},"4":{"name":"storeConnectionInRedis","decl":{"start":{"line":139,"column":15},"end":{"line":139,"column":37}},"loc":{"start":{"line":139,"column":68},"end":{"line":150,"column":1}}},"5":{"name":"removeConnectionFromRedis","decl":{"start":{"line":159,"column":15},"end":{"line":159,"column":40}},"loc":{"start":{"line":159,"column":71},"end":{"line":168,"column":1}}},"6":{"name":"getClientIp","decl":{"start":{"line":176,"column":9},"end":{"line":176,"column":20}},"loc":{"start":{"line":176,"column":125},"end":{"line":201,"column":1}}},"7":{"name":"checkConnectionLimit","decl":{"start":{"line":209,"column":15},"end":{"line":209,"column":35}},"loc":{"start":{"line":209,"column":52},"end":{"line":225,"column":1}}},"8":{"name":"incrementIpConnectionCount","decl":{"start":{"line":234,"column":15},"end":{"line":234,"column":41}},"loc":{"start":{"line":234,"column":80},"end":{"line":249,"column":1}}},"9":{"name":"decrementIpConnectionCount","decl":{"start":{"line":258,"column":15},"end":{"line":258,"column":41}},"loc":{"start":{"line":258,"column":80},"end":{"line":281,"column":1}}},"10":{"name":"updateMemberLastActiveAt","decl":{"start":{"line":290,"column":15},"end":{"line":290,"column":39}},"loc":{"start":{"line":290,"column":70},"end":{"line":307,"column":1}}},"11":{"name":"startHeartbeat","decl":{"start":{"line":314,"column":9},"end":{"line":314,"column":23}},"loc":{"start":{"line":314,"column":55},"end":{"line":340,"column":1}}},"12":{"name":"(anonymous_12)","decl":{"start":{"line":319,"column":40},"end":{"line":319,"column":43}},"loc":{"start":{"line":319,"column":45},"end":{"line":327,"column":3}}},"13":{"name":"(anonymous_13)","decl":{"start":{"line":330,"column":40},"end":{"line":330,"column":43}},"loc":{"start":{"line":330,"column":45},"end":{"line":339,"column":3}}},"14":{"name":"stopHeartbeat","decl":{"start":{"line":347,"column":9},"end":{"line":347,"column":22}},"loc":{"start":{"line":347,"column":54},"end":{"line":356,"column":1}}},"15":{"name":"getRoomState","decl":{"start":{"line":384,"column":15},"end":{"line":384,"column":27}},"loc":{"start":{"line":384,"column":42},"end":{"line":465,"column":1}}},"16":{"name":"(anonymous_16)","decl":{"start":{"line":438,"column":27},"end":{"line":438,"column":33}},"loc":{"start":{"line":438,"column":38},"end":{"line":443,"column":8}}},"17":{"name":"(anonymous_17)","decl":{"start":{"line":446,"column":13},"end":{"line":446,"column":16}},"loc":{"start":{"line":446,"column":21},"end":{"line":452,"column":10}}},"18":{"name":"sendSyncState","decl":{"start":{"line":473,"column":15},"end":{"line":473,"column":28}},"loc":{"start":{"line":473,"column":58},"end":{"line":495,"column":1}}},"19":{"name":"broadcastMemberJoined","decl":{"start":{"line":503,"column":15},"end":{"line":503,"column":36}},"loc":{"start":{"line":503,"column":67},"end":{"line":552,"column":1}}},"20":{"name":"(anonymous_20)","decl":{"start":{"line":542,"column":30},"end":{"line":542,"column":31}},"loc":{"start":{"line":542,"column":63},"end":{"line":547,"column":7}}},"21":{"name":"generateMessageId","decl":{"start":{"line":560,"column":9},"end":{"line":560,"column":26}},"loc":{"start":{"line":560,"column":26},"end":{"line":568,"column":1}}},"22":{"name":"validateChatMessage","decl":{"start":{"line":595,"column":9},"end":{"line":595,"column":28}},"loc":{"start":{"line":595,"column":41},"end":{"line":625,"column":1}}},"23":{"name":"isValidUrl","decl":{"start":{"line":632,"column":9},"end":{"line":632,"column":19}},"loc":{"start":{"line":632,"column":31},"end":{"line":640,"column":1}}},"24":{"name":"validateUrlChangeMessage","decl":{"start":{"line":648,"column":9},"end":{"line":648,"column":33}},"loc":{"start":{"line":648,"column":46},"end":{"line":669,"column":1}}},"25":{"name":"handleUrlChange","decl":{"start":{"line":679,"column":15},"end":{"line":679,"column":30}},"loc":{"start":{"line":683,"column":16},"end":{"line":816,"column":1}}},"26":{"name":"handleChatMessage","decl":{"start":{"line":826,"column":15},"end":{"line":826,"column":32}},"loc":{"start":{"line":830,"column":16},"end":{"line":937,"column":1}}},"27":{"name":"broadcastMemberLeft","decl":{"start":{"line":945,"column":15},"end":{"line":945,"column":34}},"loc":{"start":{"line":945,"column":65},"end":{"line":991,"column":1}}},"28":{"name":"(anonymous_28)","decl":{"start":{"line":981,"column":30},"end":{"line":981,"column":31}},"loc":{"start":{"line":981,"column":63},"end":{"line":986,"column":7}}},"29":{"name":"handleConnection","decl":{"start":{"line":999,"column":15},"end":{"line":999,"column":31}},"loc":{"start":{"line":999,"column":165},"end":{"line":1199,"column":1}}},"30":{"name":"(anonymous_30)","decl":{"start":{"line":1086,"column":18},"end":{"line":1086,"column":21}},"loc":{"start":{"line":1086,"column":23},"end":{"line":1092,"column":5}}},"31":{"name":"(anonymous_31)","decl":{"start":{"line":1089,"column":53},"end":{"line":1089,"column":58}},"loc":{"start":{"line":1089,"column":61},"end":{"line":1091,"column":7}}},"32":{"name":"(anonymous_32)","decl":{"start":{"line":1095,"column":21},"end":{"line":1095,"column":26}},"loc":{"start":{"line":1095,"column":44},"end":{"line":1138,"column":5}}},"33":{"name":"(anonymous_33)","decl":{"start":{"line":1141,"column":19},"end":{"line":1141,"column":24}},"loc":{"start":{"line":1141,"column":30},"end":{"line":1174,"column":5}}},"34":{"name":"(anonymous_34)","decl":{"start":{"line":1177,"column":19},"end":{"line":1177,"column":24}},"loc":{"start":{"line":1177,"column":27},"end":{"line":1179,"column":5}}},"35":{"name":"createWebSocketServer","decl":{"start":{"line":1207,"column":16},"end":{"line":1207,"column":37}},"loc":{"start":{"line":1207,"column":52},"end":{"line":1231,"column":1}}},"36":{"name":"(anonymous_36)","decl":{"start":{"line":1217,"column":23},"end":{"line":1217,"column":24}},"loc":{"start":{"line":1217,"column":46},"end":{"line":1222,"column":3}}},"37":{"name":"(anonymous_37)","decl":{"start":{"line":1218,"column":36},"end":{"line":1218,"column":41}},"loc":{"start":{"line":1218,"column":44},"end":{"line":1221,"column":5}}},"38":{"name":"(anonymous_38)","decl":{"start":{"line":1224,"column":18},"end":{"line":1224,"column":23}},"loc":{"start":{"line":1224,"column":26},"end":{"line":1226,"column":3}}},"39":{"name":"closeWebSocketServer","decl":{"start":{"line":1238,"column":22},"end":{"line":1238,"column":42}},"loc":{"start":{"line":1238,"column":42},"end":{"line":1254,"column":1}}},"40":{"name":"(anonymous_40)","decl":{"start":{"line":1240,"column":23},"end":{"line":1240,"column":24}},"loc":{"start":{"line":1240,"column":43},"end":{"line":1252,"column":5}}},"41":{"name":"(anonymous_41)","decl":{"start":{"line":1241,"column":17},"end":{"line":1241,"column":22}},"loc":{"start":{"line":1241,"column":25},"end":{"line":1251,"column":7}}},"42":{"name":"getRoomConnections","decl":{"start":{"line":1262,"column":16},"end":{"line":1262,"column":34}},"loc":{"start":{"line":1262,"column":49},"end":{"line":1268,"column":1}}},"43":{"name":"broadcastToRoom","decl":{"start":{"line":1276,"column":16},"end":{"line":1276,"column":31}},"loc":{"start":{"line":1276,"column":63},"end":{"line":1288,"column":1}}},"44":{"name":"(anonymous_44)","decl":{"start":{"line":1283,"column":26},"end":{"line":1283,"column":36}},"loc":{"start":{"line":1283,"column":39},"end":{"line":1287,"column":3}}},"45":{"name":"sendToUser","decl":{"start":{"line":1298,"column":16},"end":{"line":1298,"column":26}},"loc":{"start":{"line":1298,"column":74},"end":{"line":1311,"column":1}}}},"branchMap":{"0":{"loc":{"start":{"line":96,"column":4},"end":{"line":98,"column":5}},"type":"if","locations":[{"start":{"line":96,"column":4},"end":{"line":98,"column":5}}]},"1":{"loc":{"start":{"line":96,"column":8},"end":{"line":96,"column":40}},"type":"binary-expr","locations":[{"start":{"line":96,"column":8},"end":{"line":96,"column":13}},{"start":{"line":96,"column":17},"end":{"line":96,"column":40}}]},"2":{"loc":{"start":{"line":179,"column":2},"end":{"line":186,"column":3}},"type":"if","locations":[{"start":{"line":179,"column":2},"end":{"line":186,"column":3}}]},"3":{"loc":{"start":{"line":180,"column":4},"end":{"line":182,"column":5}},"type":"if","locations":[{"start":{"line":180,"column":4},"end":{"line":182,"column":5}}]},"4":{"loc":{"start":{"line":183,"column":4},"end":{"line":185,"column":5}},"type":"if","locations":[{"start":{"line":183,"column":4},"end":{"line":185,"column":5}}]},"5":{"loc":{"start":{"line":183,"column":8},"end":{"line":183,"column":62}},"type":"binary-expr","locations":[{"start":{"line":183,"column":8},"end":{"line":183,"column":35}},{"start":{"line":183,"column":39},"end":{"line":183,"column":62}}]},"6":{"loc":{"start":{"line":190,"column":2},"end":{"line":197,"column":3}},"type":"if","locations":[{"start":{"line":190,"column":2},"end":{"line":197,"column":3}}]},"7":{"loc":{"start":{"line":191,"column":4},"end":{"line":193,"column":5}},"type":"if","locations":[{"start":{"line":191,"column":4},"end":{"line":193,"column":5}}]},"8":{"loc":{"start":{"line":194,"column":4},"end":{"line":196,"column":5}},"type":"if","locations":[{"start":{"line":194,"column":4},"end":{"line":196,"column":5}}]},"9":{"loc":{"start":{"line":194,"column":8},"end":{"line":194,"column":50}},"type":"binary-expr","locations":[{"start":{"line":194,"column":8},"end":{"line":194,"column":29}},{"start":{"line":194,"column":33},"end":{"line":194,"column":50}}]},"10":{"loc":{"start":{"line":200,"column":9},"end":{"line":200,"column":47}},"type":"binary-expr","locations":[{"start":{"line":200,"column":9},"end":{"line":200,"column":34}},{"start":{"line":200,"column":38},"end":{"line":200,"column":47}}]},"11":{"loc":{"start":{"line":222,"column":25},"end":{"line":222,"column":61}},"type":"binary-expr","locations":[{"start":{"line":222,"column":25},"end":{"line":222,"column":56}},{"start":{"line":222,"column":60},"end":{"line":222,"column":61}}]},"12":{"loc":{"start":{"line":246,"column":25},"end":{"line":246,"column":61}},"type":"binary-expr","locations":[{"start":{"line":246,"column":25},"end":{"line":246,"column":56}},{"start":{"line":246,"column":60},"end":{"line":246,"column":61}}]},"13":{"loc":{"start":{"line":268,"column":4},"end":{"line":270,"column":5}},"type":"if","locations":[{"start":{"line":268,"column":4},"end":{"line":270,"column":5}}]},"14":{"loc":{"start":{"line":274,"column":25},"end":{"line":274,"column":61}},"type":"binary-expr","locations":[{"start":{"line":274,"column":25},"end":{"line":274,"column":56}},{"start":{"line":274,"column":60},"end":{"line":274,"column":61}}]},"15":{"loc":{"start":{"line":275,"column":4},"end":{"line":279,"column":5}},"type":"if","locations":[{"start":{"line":275,"column":4},"end":{"line":279,"column":5}},{"start":{"line":277,"column":11},"end":{"line":279,"column":5}}]},"16":{"loc":{"start":{"line":320,"column":4},"end":{"line":326,"column":5}},"type":"if","locations":[{"start":{"line":320,"column":4},"end":{"line":326,"column":5}}]},"17":{"loc":{"start":{"line":332,"column":4},"end":{"line":338,"column":5}},"type":"if","locations":[{"start":{"line":332,"column":4},"end":{"line":338,"column":5}}]},"18":{"loc":{"start":{"line":335,"column":6},"end":{"line":337,"column":7}},"type":"if","locations":[{"start":{"line":335,"column":6},"end":{"line":337,"column":7}}]},"19":{"loc":{"start":{"line":348,"column":2},"end":{"line":351,"column":3}},"type":"if","locations":[{"start":{"line":348,"column":2},"end":{"line":351,"column":3}}]},"20":{"loc":{"start":{"line":352,"column":2},"end":{"line":355,"column":3}},"type":"if","locations":[{"start":{"line":352,"column":2},"end":{"line":355,"column":3}}]},"21":{"loc":{"start":{"line":396,"column":4},"end":{"line":398,"column":5}},"type":"if","locations":[{"start":{"line":396,"column":4},"end":{"line":398,"column":5}}]},"22":{"loc":{"start":{"line":521,"column":4},"end":{"line":524,"column":5}},"type":"if","locations":[{"start":{"line":521,"column":4},"end":{"line":524,"column":5}}]},"23":{"loc":{"start":{"line":540,"column":4},"end":{"line":548,"column":5}},"type":"if","locations":[{"start":{"line":540,"column":4},"end":{"line":548,"column":5}}]},"24":{"loc":{"start":{"line":544,"column":8},"end":{"line":546,"column":9}},"type":"if","locations":[{"start":{"line":544,"column":8},"end":{"line":546,"column":9}}]},"25":{"loc":{"start":{"line":544,"column":12},"end":{"line":544,"column":86}},"type":"binary-expr","locations":[{"start":{"line":544,"column":12},"end":{"line":544,"column":39}},{"start":{"line":544,"column":43},"end":{"line":544,"column":86}}]},"26":{"loc":{"start":{"line":597,"column":2},"end":{"line":599,"column":3}},"type":"if","locations":[{"start":{"line":597,"column":2},"end":{"line":599,"column":3}}]},"27":{"loc":{"start":{"line":597,"column":6},"end":{"line":597,"column":59}},"type":"binary-expr","locations":[{"start":{"line":597,"column":6},"end":{"line":597,"column":21}},{"start":{"line":597,"column":25},"end":{"line":597,"column":59}}]},"28":{"loc":{"start":{"line":601,"column":2},"end":{"line":603,"column":3}},"type":"if","locations":[{"start":{"line":601,"column":2},"end":{"line":603,"column":3}}]},"29":{"loc":{"start":{"line":601,"column":6},"end":{"line":601,"column":63}},"type":"binary-expr","locations":[{"start":{"line":601,"column":6},"end":{"line":601,"column":23}},{"start":{"line":601,"column":27},"end":{"line":601,"column":63}}]},"30":{"loc":{"start":{"line":605,"column":2},"end":{"line":607,"column":3}},"type":"if","locations":[{"start":{"line":605,"column":2},"end":{"line":607,"column":3}}]},"31":{"loc":{"start":{"line":605,"column":6},"end":{"line":605,"column":61}},"type":"binary-expr","locations":[{"start":{"line":605,"column":6},"end":{"line":605,"column":22}},{"start":{"line":605,"column":26},"end":{"line":605,"column":61}}]},"32":{"loc":{"start":{"line":610,"column":2},"end":{"line":612,"column":3}},"type":"if","locations":[{"start":{"line":610,"column":2},"end":{"line":612,"column":3}}]},"33":{"loc":{"start":{"line":615,"column":2},"end":{"line":617,"column":3}},"type":"if","locations":[{"start":{"line":615,"column":2},"end":{"line":617,"column":3}}]},"34":{"loc":{"start":{"line":620,"column":2},"end":{"line":622,"column":3}},"type":"if","locations":[{"start":{"line":620,"column":2},"end":{"line":622,"column":3}}]},"35":{"loc":{"start":{"line":636,"column":11},"end":{"line":636,"column":70}},"type":"binary-expr","locations":[{"start":{"line":636,"column":11},"end":{"line":636,"column":38}},{"start":{"line":636,"column":42},"end":{"line":636,"column":70}}]},"36":{"loc":{"start":{"line":650,"column":2},"end":{"line":652,"column":3}},"type":"if","locations":[{"start":{"line":650,"column":2},"end":{"line":652,"column":3}}]},"37":{"loc":{"start":{"line":650,"column":6},"end":{"line":650,"column":59}},"type":"binary-expr","locations":[{"start":{"line":650,"column":6},"end":{"line":650,"column":21}},{"start":{"line":650,"column":25},"end":{"line":650,"column":59}}]},"38":{"loc":{"start":{"line":654,"column":2},"end":{"line":656,"column":3}},"type":"if","locations":[{"start":{"line":654,"column":2},"end":{"line":656,"column":3}}]},"39":{"loc":{"start":{"line":654,"column":6},"end":{"line":654,"column":53}},"type":"binary-expr","locations":[{"start":{"line":654,"column":6},"end":{"line":654,"column":18}},{"start":{"line":654,"column":22},"end":{"line":654,"column":53}}]},"40":{"loc":{"start":{"line":660,"column":2},"end":{"line":662,"column":3}},"type":"if","locations":[{"start":{"line":660,"column":2},"end":{"line":662,"column":3}}]},"41":{"loc":{"start":{"line":664,"column":2},"end":{"line":666,"column":3}},"type":"if","locations":[{"start":{"line":664,"column":2},"end":{"line":666,"column":3}}]},"42":{"loc":{"start":{"line":688,"column":4},"end":{"line":697,"column":5}},"type":"if","locations":[{"start":{"line":688,"column":4},"end":{"line":697,"column":5}}]},"43":{"loc":{"start":{"line":700,"column":4},"end":{"line":709,"column":5}},"type":"if","locations":[{"start":{"line":700,"column":4},"end":{"line":709,"column":5}}]},"44":{"loc":{"start":{"line":713,"column":4},"end":{"line":722,"column":5}},"type":"if","locations":[{"start":{"line":713,"column":4},"end":{"line":722,"column":5}}]},"45":{"loc":{"start":{"line":731,"column":4},"end":{"line":740,"column":5}},"type":"if","locations":[{"start":{"line":731,"column":4},"end":{"line":740,"column":5}}]},"46":{"loc":{"start":{"line":754,"column":4},"end":{"line":763,"column":5}},"type":"if","locations":[{"start":{"line":754,"column":4},"end":{"line":763,"column":5}}]},"47":{"loc":{"start":{"line":835,"column":4},"end":{"line":844,"column":5}},"type":"if","locations":[{"start":{"line":835,"column":4},"end":{"line":844,"column":5}}]},"48":{"loc":{"start":{"line":847,"column":4},"end":{"line":856,"column":5}},"type":"if","locations":[{"start":{"line":847,"column":4},"end":{"line":856,"column":5}}]},"49":{"loc":{"start":{"line":860,"column":4},"end":{"line":869,"column":5}},"type":"if","locations":[{"start":{"line":860,"column":4},"end":{"line":869,"column":5}}]},"50":{"loc":{"start":{"line":884,"column":4},"end":{"line":893,"column":5}},"type":"if","locations":[{"start":{"line":884,"column":4},"end":{"line":893,"column":5}}]},"51":{"loc":{"start":{"line":961,"column":4},"end":{"line":964,"column":5}},"type":"if","locations":[{"start":{"line":961,"column":4},"end":{"line":964,"column":5}}]},"52":{"loc":{"start":{"line":979,"column":4},"end":{"line":987,"column":5}},"type":"if","locations":[{"start":{"line":979,"column":4},"end":{"line":987,"column":5}}]},"53":{"loc":{"start":{"line":983,"column":8},"end":{"line":985,"column":9}},"type":"if","locations":[{"start":{"line":983,"column":8},"end":{"line":985,"column":9}}]},"54":{"loc":{"start":{"line":983,"column":12},"end":{"line":983,"column":86}},"type":"binary-expr","locations":[{"start":{"line":983,"column":12},"end":{"line":983,"column":39}},{"start":{"line":983,"column":43},"end":{"line":983,"column":86}}]},"55":{"loc":{"start":{"line":1002,"column":24},"end":{"line":1002,"column":37}},"type":"binary-expr","locations":[{"start":{"line":1002,"column":24},"end":{"line":1002,"column":31}},{"start":{"line":1002,"column":35},"end":{"line":1002,"column":37}}]},"56":{"loc":{"start":{"line":1007,"column":4},"end":{"line":1010,"column":5}},"type":"if","locations":[{"start":{"line":1007,"column":4},"end":{"line":1010,"column":5}}]},"57":{"loc":{"start":{"line":1007,"column":8},"end":{"line":1007,"column":26}},"type":"binary-expr","locations":[{"start":{"line":1007,"column":8},"end":{"line":1007,"column":15}},{"start":{"line":1007,"column":19},"end":{"line":1007,"column":26}}]},"58":{"loc":{"start":{"line":1013,"column":4},"end":{"line":1016,"column":5}},"type":"if","locations":[{"start":{"line":1013,"column":4},"end":{"line":1016,"column":5}}]},"59":{"loc":{"start":{"line":1018,"column":4},"end":{"line":1021,"column":5}},"type":"if","locations":[{"start":{"line":1018,"column":4},"end":{"line":1021,"column":5}}]},"60":{"loc":{"start":{"line":1031,"column":4},"end":{"line":1034,"column":5}},"type":"if","locations":[{"start":{"line":1031,"column":4},"end":{"line":1034,"column":5}}]},"61":{"loc":{"start":{"line":1038,"column":4},"end":{"line":1041,"column":5}},"type":"if","locations":[{"start":{"line":1038,"column":4},"end":{"line":1041,"column":5}}]},"62":{"loc":{"start":{"line":1045,"column":4},"end":{"line":1048,"column":5}},"type":"if","locations":[{"start":{"line":1045,"column":4},"end":{"line":1048,"column":5}}]},"63":{"loc":{"start":{"line":1064,"column":28},"end":{"line":1064,"column":88}},"type":"binary-expr","locations":[{"start":{"line":1064,"column":28},"end":{"line":1064,"column":51}},{"start":{"line":1064,"column":55},"end":{"line":1064,"column":88}}]},"64":{"loc":{"start":{"line":1067,"column":4},"end":{"line":1069,"column":5}},"type":"if","locations":[{"start":{"line":1067,"column":4},"end":{"line":1069,"column":5}}]},"65":{"loc":{"start":{"line":1081,"column":4},"end":{"line":1083,"column":5}},"type":"if","locations":[{"start":{"line":1081,"column":4},"end":{"line":1083,"column":5}}]},"66":{"loc":{"start":{"line":1103,"column":8},"end":{"line":1106,"column":9}},"type":"if","locations":[{"start":{"line":1103,"column":8},"end":{"line":1106,"column":9}}]},"67":{"loc":{"start":{"line":1109,"column":8},"end":{"line":1112,"column":9}},"type":"if","locations":[{"start":{"line":1109,"column":8},"end":{"line":1112,"column":9}}]},"68":{"loc":{"start":{"line":1115,"column":8},"end":{"line":1118,"column":9}},"type":"if","locations":[{"start":{"line":1115,"column":8},"end":{"line":1118,"column":9}}]},"69":{"loc":{"start":{"line":1148,"column":6},"end":{"line":1150,"column":7}},"type":"if","locations":[{"start":{"line":1148,"column":6},"end":{"line":1150,"column":7}}]},"70":{"loc":{"start":{"line":1148,"column":10},"end":{"line":1148,"column":56}},"type":"binary-expr","locations":[{"start":{"line":1148,"column":10},"end":{"line":1148,"column":29}},{"start":{"line":1148,"column":33},"end":{"line":1148,"column":56}}]},"71":{"loc":{"start":{"line":1157,"column":30},"end":{"line":1157,"column":73}},"type":"binary-expr","locations":[{"start":{"line":1157,"column":30},"end":{"line":1157,"column":45}},{"start":{"line":1157,"column":49},"end":{"line":1157,"column":73}}]},"72":{"loc":{"start":{"line":1160,"column":6},"end":{"line":1165,"column":7}},"type":"if","locations":[{"start":{"line":1160,"column":6},"end":{"line":1165,"column":7}}]},"73":{"loc":{"start":{"line":1162,"column":8},"end":{"line":1164,"column":9}},"type":"if","locations":[{"start":{"line":1162,"column":8},"end":{"line":1164,"column":9}}]},"74":{"loc":{"start":{"line":1171,"column":6},"end":{"line":1173,"column":7}},"type":"if","locations":[{"start":{"line":1171,"column":6},"end":{"line":1173,"column":7}}]},"75":{"loc":{"start":{"line":1208,"column":2},"end":{"line":1210,"column":3}},"type":"if","locations":[{"start":{"line":1208,"column":2},"end":{"line":1210,"column":3}}]},"76":{"loc":{"start":{"line":1239,"column":2},"end":{"line":1253,"column":3}},"type":"if","locations":[{"start":{"line":1239,"column":2},"end":{"line":1253,"column":3}}]},"77":{"loc":{"start":{"line":1242,"column":8},"end":{"line":1250,"column":9}},"type":"if","locations":[{"start":{"line":1242,"column":8},"end":{"line":1250,"column":9}},{"start":{"line":1245,"column":15},"end":{"line":1250,"column":9}}]},"78":{"loc":{"start":{"line":1264,"column":2},"end":{"line":1266,"column":3}},"type":"if","locations":[{"start":{"line":1264,"column":2},"end":{"line":1266,"column":3}}]},"79":{"loc":{"start":{"line":1278,"column":2},"end":{"line":1280,"column":3}},"type":"if","locations":[{"start":{"line":1278,"column":2},"end":{"line":1280,"column":3}}]},"80":{"loc":{"start":{"line":1284,"column":4},"end":{"line":1286,"column":5}},"type":"if","locations":[{"start":{"line":1284,"column":4},"end":{"line":1286,"column":5}}]},"81":{"loc":{"start":{"line":1300,"column":2},"end":{"line":1302,"column":3}},"type":"if","locations":[{"start":{"line":1300,"column":2},"end":{"line":1302,"column":3}}]},"82":{"loc":{"start":{"line":1305,"column":2},"end":{"line":1307,"column":3}},"type":"if","locations":[{"start":{"line":1305,"column":2},"end":{"line":1307,"column":3}}]},"83":{"loc":{"start":{"line":1305,"column":6},"end":{"line":1305,"column":64}},"type":"binary-expr","locations":[{"start":{"line":1305,"column":6},"end":{"line":1305,"column":17}},{"start":{"line":1305,"column":21},"end":{"line":1305,"column":64}}]}},"s":{"0":8,"1":8,"2":8,"3":8,"4":8,"5":8,"6":8,"7":8,"8":8,"9":8,"10":8,"11":8,"12":8,"13":8,"14":8,"15":0,"16":0,"17":0,"18":0,"19":0,"20":0,"21":0,"22":0,"23":0,"24":0,"25":0,"26":0,"27":0,"28":0,"29":0,"30":0,"31":0,"32":0,"33":0,"34":0,"35":0,"36":0,"37":0,"38":0,"39":0,"40":0,"41":0,"42":0,"43":0,"44":0,"45":0,"46":0,"47":0,"48":0,"49":0,"50":0,"51":0,"52":0,"53":0,"54":0,"55":0,"56":0,"57":0,"58":0,"59":0,"60":0,"61":0,"62":0,"63":0,"64":0,"65":0,"66":0,"67":0,"68":0,"69":0,"70":0,"71":0,"72":0,"73":0,"74":0,"75":0,"76":0,"77":0,"78":0,"79":0,"80":0,"81":0,"82":0,"83":0,"84":0,"85":0,"86":0,"87":0,"88":0,"89":0,"90":0,"91":0,"92":0,"93":0,"94":0,"95":0,"96":0,"97":0,"98":0,"99":0,"100":0,"101":0,"102":0,"103":0,"104":0,"105":0,"106":0,"107":0,"108":0,"109":0,"110":0,"111":0,"112":0,"113":0,"114":0,"115":0,"116":0,"117":0,"118":0,"119":0,"120":0,"121":0,"122":0,"123":0,"124":0,"125":0,"126":0,"127":0,"128":0,"129":0,"130":0,"131":0,"132":0,"133":0,"134":0,"135":0,"136":0,"137":0,"138":0,"139":0,"140":0,"141":0,"142":0,"143":0,"144":0,"145":0,"146":0,"147":0,"148":0,"149":0,"150":0,"151":0,"152":0,"153":0,"154":0,"155":0,"156":0,"157":0,"158":0,"159":0,"160":0,"161":0,"162":0,"163":0,"164":0,"165":0,"166":0,"167":0,"168":0,"169":0,"170":0,"171":0,"172":0,"173":0,"174":0,"175":0,"176":0,"177":0,"178":0,"179":0,"180":0,"181":0,"182":0,"183":0,"184":0,"185":0,"186":0,"187":0,"188":0,"189":0,"190":0,"191":0,"192":0,"193":0,"194":0,"195":0,"196":0,"197":0,"198":0,"199":0,"200":0,"201":0,"202":0,"203":0,"204":0,"205":0,"206":0,"207":0,"208":0,"209":0,"210":0,"211":0,"212":0,"213":0,"214":0,"215":0,"216":0,"217":0,"218":0,"219":0,"220":0,"221":0,"222":0,"223":0,"224":0,"225":0,"226":0,"227":0,"228":0,"229":0,"230":0,"231":0,"232":0,"233":0,"234":0,"235":0,"236":0,"237":0,"238":0,"239":0,"240":0,"241":0,"242":0,"243":0,"244":0,"245":0,"246":0,"247":0,"248":0,"249":0,"250":0,"251":0,"252":0,"253":0,"254":0,"255":0,"256":0,"257":0,"258":0,"259":0,"260":0,"261":0,"262":0,"263":0,"264":0,"265":0,"266":0,"267":0,"268":0,"269":0,"270":0,"271":0,"272":0,"273":0,"274":0,"275":0,"276":0,"277":0,"278":0,"279":0,"280":0,"281":0,"282":0,"283":0,"284":0,"285":0,"286":0,"287":0,"288":0,"289":0,"290":0,"291":0,"292":0,"293":0,"294":0,"295":0,"296":0,"297":0,"298":0,"299":0,"300":0,"301":0,"302":0,"303":0,"304":0,"305":0,"306":0,"307":0,"308":0,"309":0,"310":0,"311":0,"312":0,"313":0,"314":0,"315":0,"316":0,"317":0,"318":0,"319":0,"320":0,"321":25,"322":17,"323":8,"324":8,"325":0,"326":0,"327":0,"328":8,"329":0,"330":8,"331":8,"332":6,"333":6,"334":6,"335":6,"336":0,"337":0,"338":6,"339":6,"340":6,"341":6,"342":0,"343":0,"344":0,"345":0,"346":0,"347":0,"348":0,"349":0,"350":0,"351":0,"352":0,"353":0,"354":0,"355":0,"356":0,"357":0,"358":0,"359":0,"360":0},"f":{"0":0,"1":0,"2":0,"3":0,"4":0,"5":0,"6":0,"7":0,"8":0,"9":0,"10":0,"11":0,"12":0,"13":0,"14":0,"15":0,"16":0,"17":0,"18":0,"19":0,"20":0,"21":0,"22":0,"23":0,"24":0,"25":0,"26":0,"27":0,"28":0,"29":0,"30":0,"31":0,"32":0,"33":0,"34":0,"35":25,"36":0,"37":0,"38":0,"39":6,"40":6,"41":6,"42":0,"43":0,"44":0,"45":0},"b":{"0":[0],"1":[0,0],"2":[0],"3":[0],"4":[0],"5":[0,0],"6":[0],"7":[0],"8":[0],"9":[0,0],"10":[0,0],"11":[0,0],"12":[0,0],"13":[0],"14":[0,0],"15":[0,0],"16":[0],"17":[0],"18":[0],"19":[0],"20":[0],"21":[0],"22":[0],"23":[0],"24":[0],"25":[0,0],"26":[0],"27":[0,0],"28":[0],"29":[0,0],"30":[0],"31":[0,0],"32":[0],"33":[0],"34":[0],"35":[0,0],"36":[0],"37":[0,0],"38":[0],"39":[0,0],"40":[0],"41":[0],"42":[0],"43":[0],"44":[0],"45":[0],"46":[0],"47":[0],"48":[0],"49":[0],"50":[0],"51":[0],"52":[0],"53":[0],"54":[0,0],"55":[0,0],"56":[0],"57":[0,0],"58":[0],"59":[0],"60":[0],"61":[0],"62":[0],"63":[0,0],"64":[0],"65":[0],"66":[0],"67":[0],"68":[0],"69":[0],"70":[0,0],"71":[0,0],"72":[0],"73":[0],"74":[0],"75":[17],"76":[6],"77":[0,6],"78":[0],"79":[0],"80":[0],"81":[0],"82":[0],"83":[0,0]}}
,"C:\\project\\AC\\watch-together-server\\src\\middleware\\errorHandler.ts": {"path":"C:\\project\\AC\\watch-together-server\\src\\middleware\\errorHandler.ts","statementMap":{"0":{"start":{"line":108,"column":0},"end":{"line":108,"column":16}},"1":{"start":{"line":194,"column":0},"end":{"line":194,"column":16}},"2":{"start":{"line":6,"column":0},"end":{"line":6,"column":31}},"3":{"start":{"line":7,"column":0},"end":{"line":7,"column":40}},"4":{"start":{"line":8,"column":0},"end":{"line":8,"column":35}},"5":{"start":{"line":13,"column":0},"end":{"line":13,"column":null}},"6":{"start":{"line":15,"column":2},"end":{"line":15,"column":null}},"7":{"start":{"line":16,"column":2},"end":{"line":16,"column":null}},"8":{"start":{"line":17,"column":2},"end":{"line":17,"column":null}},"9":{"start":{"line":18,"column":2},"end":{"line":18,"column":null}},"10":{"start":{"line":19,"column":2},"end":{"line":19,"column":null}},"11":{"start":{"line":20,"column":2},"end":{"line":20,"column":null}},"12":{"start":{"line":23,"column":2},"end":{"line":23,"column":null}},"13":{"start":{"line":24,"column":2},"end":{"line":24,"column":null}},"14":{"start":{"line":25,"column":2},"end":{"line":25,"column":null}},"15":{"start":{"line":44,"column":17},"end":{"line":44,"column":29}},"16":{"start":{"line":45,"column":2},"end":{"line":47,"column":3}},"17":{"start":{"line":46,"column":4},"end":{"line":46,"column":31}},"18":{"start":{"line":50,"column":2},"end":{"line":52,"column":3}},"19":{"start":{"line":51,"column":4},"end":{"line":51,"column":29}},"20":{"start":{"line":55,"column":21},"end":{"line":55,"column":30}},"21":{"start":{"line":56,"column":15},"end":{"line":56,"column":79}},"22":{"start":{"line":57,"column":2},"end":{"line":57,"column":42}},"23":{"start":{"line":64,"column":2},"end":{"line":87,"column":3}},"24":{"start":{"line":65,"column":4},"end":{"line":86,"column":5}},"25":{"start":{"line":68,"column":8},"end":{"line":72,"column":10}},"26":{"start":{"line":75,"column":8},"end":{"line":79,"column":10}},"27":{"start":{"line":81,"column":8},"end":{"line":85,"column":10}},"28":{"start":{"line":89,"column":2},"end":{"line":95,"column":3}},"29":{"start":{"line":90,"column":4},"end":{"line":94,"column":6}},"30":{"start":{"line":98,"column":2},"end":{"line":102,"column":4}},"31":{"start":{"line":115,"column":23},"end":{"line":123,"column":4}},"32":{"start":{"line":126,"column":2},"end":{"line":136,"column":3}},"33":{"start":{"line":127,"column":4},"end":{"line":133,"column":6}},"34":{"start":{"line":135,"column":4},"end":{"line":135,"column":67}},"35":{"start":{"line":139,"column":2},"end":{"line":150,"column":3}},"36":{"start":{"line":140,"column":36},"end":{"line":147,"column":6}},"37":{"start":{"line":148,"column":4},"end":{"line":148,"column":35}},"38":{"start":{"line":149,"column":4},"end":{"lin
[...]
:{"line":603,"column":4},"end":{"line":651,"column":5}},"111":{"start":{"line":604,"column":31},"end":{"line":604,"column":104}},"112":{"start":{"line":605,"column":21},"end":{"line":605,"column":43}},"113":{"start":{"line":607,"column":21},"end":{"line":607,"column":38}},"114":{"start":{"line":610,"column":19},"end":{"line":615,"column":8}},"115":{"start":{"line":617,"column":6},"end":{"line":619,"column":7}},"116":{"start":{"line":618,"column":8},"end":{"line":618,"column":74}},"117":{"start":{"line":622,"column":22},"end":{"line":630,"column":8}},"118":{"start":{"line":633,"column":31},"end":{"line":639,"column":9}},"119":{"start":{"line":633,"column":54},"end":{"line":639,"column":8}},"120":{"start":{"line":642,"column":6},"end":{"line":648,"column":9}},"121":{"start":{"line":650,"column":6},"end":{"line":650,"column":18}},"122":{"start":{"line":689,"column":0},"end":{"line":756,"column":2}},"123":{"start":{"line":694,"column":4},"end":{"line":754,"column":5}},"124":{"start":{"line":695,"column":31},"end":{"line":695,"column":104}},"125":{"start":{"line":696,"column":21},"end":{"line":696,"column":43}},"126":{"start":{"line":697,"column":34},"end":{"line":697,"column":42}},"127":{"start":{"line":699,"column":21},"end":{"line":699,"column":38}},"128":{"start":{"line":702,"column":19},"end":{"line":707,"column":8}},"129":{"start":{"line":709,"column":6},"end":{"line":711,"column":7}},"130":{"start":{"line":710,"column":8},"end":{"line":710,"column":74}},"131":{"start":{"line":714,"column":21},"end":{"line":720,"column":8}},"132":{"start":{"line":722,"column":6},"end":{"line":724,"column":7}},"133":{"start":{"line":723,"column":8},"end":{"line":723,"column":94}},"134":{"start":{"line":727,"column":24},"end":{"line":727,"column":43}},"135":{"start":{"line":730,"column":22},"end":{"line":738,"column":8}},"136":{"start":{"line":741,"column":6},"end":{"line":751,"column":9}},"137":{"start":{"line":753,"column":6},"end":{"line":753,"column":18}},"138":{"start":{"line":799,"column":0},"end":{"line":873,"column":2}},"139":{"start":{"line":804,"column":4},"end":{"line":871,"column":5}},"140":{"start":{"line":805,"column":31},"end":{"line":805,"column":104}},"141":{"start":{"line":806,"column":21},"end":{"line":806,"column":43}},"142":{"start":{"line":807,"column":30},"end":{"line":807,"column":116}},"143":{"start":{"line":808,"column":32},"end":{"line":808,"column":46}},"144":{"start":{"line":810,"column":21},"end":{"line":810,"column":38}},"145":{"start":{"line":813,"column":19},"end":{"line":818,"column":8}},"146":{"start":{"line":820,"column":6},"end":{"line":822,"column":7}},"147":{"start":{"line":821,"column":8},"end":{"line":821,"column":74}},"148":{"start":{"line":825,"column":20},"end":{"line":829,"column":8}},"149":{"start":{"line":832,"column":23},"end":{"line":841,"column":8}},"150":{"start":{"line":844,"column":32},"end":{"line":851,"column":9}},"151":{"start":{"line":844,"column":59},"end":{"line":851,"column":8}},"152":{"start":{"line":854,"column":22},"end":{"line":854,"column":44}},"153":{"start":{"line":857,"column":6},"end":{"line":868,"column":9}},"154":{"start":{"line":870,"column":6},"end":{"line":870,"column":18}},"155":{"start":{"line":910,"column":0},"end":{"line":991,"column":2}},"156":{"start":{"line":915,"column":4},"end":{"line":989,"column":5}},"157":{"start":{"line":916,"column":31},"end":{"line":916,"column":104}},"158":{"start":{"line":917,"column":21},"end":{"line":917,"column":43}},"159":{"start":{"line":918,"column":30},"end":{"line":918,"column":38}},"160":{"start":{"line":920,"column":21},"end":{"line":920,"column":38}},"161":{"start":{"line":923,"column":19},"end":{"line":928,"column":8}},"162":{"start":{"line":930,"column":6},"end":{"line":932,"column":7}},"163":{"start":{"line":931,"column":8},"end":{"line":931,"column":74}},"164":{"start":{"line":935,"column":21},"end":{"line":941,"column":8}},"165":{"start":{"line":943,"column":6},"end":{"line":945,"column":7}},"166":{"start":{"line":944,"column":8},"end":{"line":944,"column":94}},"167":{"start":{"line":948,"column":26},"end":{"line":955,"column":8}},"168":{"start":{"line":958,"column":6},"end":{"line":968,"column":9}},"169":{"start":{"line":971,"column":31},"end":{"line":971,"column":52}},"170":{"start":{"line":972,"column":6},"end":{"line":972,"column":52}},"171":{"start":{"line":975,"column":6},"end":{"line":986,"column":9}},"172":{"start":{"line":988,"column":6},"end":{"line":988,"column":18}},"173":{"start":{"line":993,"column":0},"end":{"line":993,"column":22}}},"fnMap":{"0":{"name":"generateRoomId","decl":{"start":{"line":29,"column":9},"end":{"line":29,"column":23}},"loc":{"start":{"line":29,"column":23},"end":{"line":37,"column":1}}},"1":{"name":"generateUserId","decl":{"start":{"line":45,"column":9},"end":{"line":45,"column":23}},"loc":{"start":{"line":45,"column":23},"end":{"line":53,"column":1}}},"2":{"name":"generateMessageId","decl":{"start":{"line":61,"column":9},"end":{"line":61,"column":26}},"loc":{"start":{"line":61,"column":26},"end":{"line":69,"column":1}}},"3":{"name":"(anonymous_3)","decl":{"start":{"line":98,"column":2},"end":{"line":98,"column":7}},"loc":{"start":{"line":98,"column":61},"end":{"line":150,"column":3}}},"4":{"name":"(anonymous_4)","decl":{"start":{"line":111,"column":47},"end":{"line":111,"column":52}},"loc":{"start":{"line":111,"column":58},"end":{"line":133,"column":7}}},"5":{"name":"(anonymous_5)","decl":{"start":{"line":192,"column":2},"end":{"line":192,"column":7}},"loc":{"start":{"line":192,"column":61},"end":{"line":214,"column":3}}},"6":{"name":"(anonymous_6)","decl":{"start":{"line":255,"column":2},"end":{"line":255,"column":7}},"loc":{"start":{"line":255,"column":61},"end":{"line":314,"column":3}}},"7":{"name":"(anonymous_7)","decl":{"start":{"line":340,"column":2},"end":{"line":340,"column":7}},"loc":{"start":{"line":340,"column":61},"end":{"line":381,"column":3}}},"8":{"name":"(anonymous_8)","decl":{"start":{"line":428,"column":2},"end":{"line":428,"column":7}},"loc":{"start":{"line":428,"column":61},"end":{"line":483,"column":3}}},"9":{"name":"(anonymous_9)","decl":{"start":{"line":516,"column":2},"end":{"line":516,"column":7}},"loc":{"start":{"line":516,"column":61},"end":{"line":567,"column":3}}},"10":{"name":"(anonymous_10)","decl":{"start":{"line":602,"column":2},"end":{"line":602,"column":7}},"loc":{"start":{"line":602,"column":61},"end":{"line":652,"column":3}}},"11":{"name":"(anonymous_11)","decl":{"start":{"line":633,"column":43},"end":{"line":633,"column":49}},"loc":{"start":{"line":633,"column":54},"end":{"line":639,"column":8}}},"12":{"name":"(anonymous_12)","decl":{"start":{"line":693,"column":2},"end":{"line":693,"column":7}},"loc":{"start":{"line":693,"column":61},"end":{"line":755,"column":3}}},"13":{"name":"(anonymous_13)","decl":{"start":{"line":803,"column":2},"end":{"line":803,"column":7}},"loc":{"start":{"line":803,"column":61},"end":{"line":872,"column":3}}},"14":{"name":"(anonymous_14)","decl":{"start":{"line":844,"column":45},"end":{"line":844,"column":46}},"loc":{"start":{"line":844,"column":59},"end":{"line":851,"column":8}}},"15":{"name":"(anonymous_15)","decl":{"start":{"line":914,"column":2},"end":{"line":914,"column":7}},"loc":{"start":{"line":914,"column":61},"end":{"line":990,"column":3}}}},"branchMap":{"0":{"loc":{"start":{"line":107,"column":23},"end":{"line":107,"column":38}},"type":"binary-expr","locations":[{"start":{"line":107,"column":23},"end":{"line":107,"column":27}},{"start":{"line":107,"column":31},"end":{"line":107,"column":38}}]},"1":{"loc":{"start":{"line":202,"column":6},"end":{"line":204,"column":7}},"type":"if","locations":[{"start":{"line":202,"column":6},"end":{"line":204,"column":7}}]},"2":{"loc":{"start":{"line":271,"column":6},"end":{"line":273,"column":7}},"type":"if","locations":[{"start":{"line":271,"column":6},"end":{"line":273,"column":7}}]},"3":{"loc":{"start":{"line":277,"column":6},"end":{"line":279,"column":7}},"type":"if","locations":[{"start":{"line":277,"column":6},"end":{"line":279,"column":7}}]},"4":{"loc":{"start":{"line":278,"column":26},"end":{"line":278,"column":41}},"type":"binary-expr","locations":[{"start":{"line":278,"column":26},"end":{"line":278,"column":30}},{"start":{"line":278,"column":34},"end":{"line":278,"column":41}}]},"5":{"loc":{"start":{"line":282,"column":6},"end":{"line":284,"column":7}},"type":"if","locations":[{"start":{"line":282,"column":6},"end":{"line":284,"column":7}}]},"6":{"loc":{"start":{"line":355,"column":6},"end":{"line":357,"column":7}},"type":"if","locations":[{"start":{"line":355,"column":6},"end":{"line":357,"column":7}}]},"7":{"loc":{"start":{"line":444,"column":6},"end":{"line":446,"column":7}},"type":"if","locations":[{"start":{"line":444,"column":6},"end":{"line":446,"column":7}}]},"8":{"loc":{"start":{"line":532,"column":6},"end":{"line":534,"column":7}},"type":"if","locations":[{"start":{"line":532,"column":6},"end":{"line":534,"column":7}}]},"9":{"loc":{"start":{"line":545,"column":6},"end":{"line":547,"column":7}},"type":"if","locations":[{"start":{"line":545,"column":6},"end":{"line":547,"column":7}}]},"10":{"loc":{"start":{"line":617,"column":6},"end":{"line":619,"column":7}},"type":"if","locations":[{"start":{"line":617,"column":6},"end":{"line":619,"column":7}}]},"11":{"loc":{"start":{"line":709,"column":6},"end":{"line":711,"column":7}},"type":"if","locations":[{"start":{"line":709,"column":6},"end":{"line":711,"column":7}}]},"12":{"loc":{"start":{"line":722,"column":6},"end":{"line":724,"column":7}},"type":"if","locations":[{"start":{"line":722,"column":6},"end":{"line":724,"column":7}}]},"13":{"loc":{"start":{"line":820,"column":6},"end":{"line":822,"column":7}},"type":"if","locations":[{"start":{"line":820,"column":6},"end":{"line":822,"column":7}}]},"14":{"loc":{"start":{"line":930,"column":6},"end":{"line":932,"column":7}},"type":"if","locations":[{"start":{"line":930,"column":6},"end":{"line":932,"column":7}}]},"15":{"loc":{"start":{"line":943,"column":6},"end":{"line":945,"column":7}},"type":"if","locations":[{"start":{"line":943,"column":6},"end":{"line":945,"column":7}}]}},"s":{"0":19,"1":19,"2":19,"3":19,"4":19,"5":19,"6":19,"7":45,"8":45,"9":45,"10":45,"11":360,"12":45,"13":46,"14":46,"15":46,"16":46,"17":368,"18":46,"19":1,"20":1,"21":1,"22":1,"23":8,"24":1,"25":19,"26":45,"27":45,"28":45,"29":45,"30":45,"31":45,"32":45,"33":45,"34":1,"35":1,"36":1,"37":1,"38":44,"39":19,"40":1,"41":1,"42":1,"43":1,"44":1,"45":1,"46":0,"47":1,"48":0,"49":19,"50":1,"51":1,"52":1,"53":1,"54":1,"55":1,"56":1,"57":0,"58":1,"59":1,"60":1,"61":1,"62":0,"63":1,"64":1,"65":1,"66":1,"67":0,"68":19,"69":1,"70":1,"71":1,"72":1,"73":1,"74":1,"75":0,"76":1,"77":1,"78":1,"79":1,"80":0,"81":19,"82":1,"83":1,"84":1,"85":1,"86":1,"87":1,"88":1,"89":0,"90":1,"91":1,"92":1,"93":0,"94":19,"95":1,"96":1,"97":1,"98":1,"99":1,"100":1,"101":1,"102":0,"103":1,"104":1,"105":0,"106":1,"107":1,"108":0,"109":19,"110":1,"111":1,"112":1,"113":1,"114":1,"115":1,"116":0,"117":1,"118":1,"119":1,"120":1,"121":0,"122":19,"123":11,"124":11,"125":11,"126":11,"127":11,"128":11,"129":1,"130":0,"131":1,"132":1,"133":0,"134":1,"135":1,"136":1,"137":10,"138":19,"139":12,"140":12,"141":12,"142":12,"143":12,"144":12,"145":12,"146":1,"147":0,"148":1,"149":1,"150":1,"151":1,"152":1,"153":1,"154":11,"155":19,"156":1,"157":1,"158":1,"159":1,"160":1,"161":1,"162":1,"163":0,"164":1,"165":1,"166":0,"167":1,"168":1,"169":1,"170":1,"171":1,"172":0,"173":19},"f":{"0":45,"1":46,"2":1,"3":45,"4":1,"5":1,"6":1,"7":1,"8":1,"9":1,"10":1,"11":1,"12":11,"13":12,"14":1,"15":1},"b":{"0":[45,3],"1":[0],"2":[0],"3":[1],"4":[1,0],"5":[0],"6":[0],"7":[0],"8":[0],"9":[0],"10":[0],"11":[0],"12":[0],"13":[0],"14":[0],"15":[0]}}
,"C:\\project\\AC\\watch-together-server\\src\\services\\roomCache.ts": {"path":"C:\\project\\AC\\watch-together-server\\src\\services\\roomCache.ts","statementMap":{"0":{"start":{"line":190,"column":0},"end":{"line":190,"column":16}},"1":{"start":{"line":7,"column":0},"end":{"line":7,"column":57}},"2":{"start":{"line":8,"column":0},"end":{"line":8,"column":40}},"3":{"start":{"line":13,"column":30},"end":{"line":13,"column":37}},"4":{"start":{"line":18,"column":23},"end":{"line":18,"column":27}},"5":{"start":{"line":48,"column":4},"end":{"line":48,"column":35}},"6":{"start":{"line":58,"column":4},"end":{"line":58,"column":47}},"7":{"start":{"line":68,"column":21},"end":{"line":68,"column":45}},"8":{"start":{"line":69,"column":19},"end":{"line":69,"column":68}},"9":{"start":{"line":70,"column":4},"end":{"line":70,"column":18}},"10":{"start":{"line":81,"column":21},"end":{"line":81,"column":45}},"11":{"start":{"line":82,"column":4},"end":{"line":82,"column":61}},"12":{"start":{"line":92,"column":19},"end":{"line":92,"column":36}},"13":{"start":{"line":95,"column":17},"end":{"line":110,"column":6}},"14":{"start":{"line":113,"column":4},"end":{"line":115,"column":5}},"15":{"start":{"line":114,"column":6},"end":{"line":114,"column":18}},"16":{"start":{"line":118,"column":20},"end":{"line":124,"column":7}},"17":{"start":{"line":118,"column":48},"end":{"line":124,"column":6}},"18":{"start":{"line":127,"column":36},"end":{"line":137,"column":6}},"19":{"start":{"line":140,"column":4},"end":{"line":140,"column":41}},"20":{"start":{"line":142,"column":4},"end":{"line":142,"column":20}},"21":{"start":{"line":153,"column":19},"end":{"line":153,"column":45}},"22":{"start":{"line":154,"column":4},"end":{"line":156,"column":5}},"23":{"start":{"line":155,"column":6},"end":{"line":155,"column":20}},"24":{"start":{"line":159,"column":4},"end":{"line":159,"column":51}},"25":{"start":{"line":169,"column":21},"end":{"line":169,"column":45}},"26":{"start":{"line":170,"column":4},"end":{"line":170,"column":38}},"27":{"start":{"line":180,"column":21},"end":{"line":180,"column":71}},"28":{"start":{"line":180,"column":43},"end":{"line":180,"column":70}},"29":{"start":{"line":181,"column":4},"end":{"line":181,"column":32}},"30":{"start":{"line":44,"column":0},"end":{"line":44,"column":13}},"31":{"start":{"line":191,"column":2},"end":{"line":191,"column":32}}},"fnMap":{"0":{"name":"(anonymous_0)","decl":{"start":{"line":47,"column":2},"end":{"line":47,"column":null}},"loc":{"start":{"line":47,"column":2},"end":{"line":49,"column":3}}},"1":{"name":"(anonymous_1)","decl":{"start":{"line":57,"column":10},"end":{"line":57,"column":21}},"loc":{"start":{"line":57,"column":36},"end":{"line":59,"column":3}}},"2":{"name":"(anonymous_2)","decl":{"start":{"line":67,"column":2},"end":{"line":67,"column":7}},"loc":{"start":{"line":67,"column":30},"end":{"line":71,"column":3}}},"3":{"name":"(anonymous_3)","decl":{"start":{"line":80,"column":2},"end":{"line":80,"column":7}},"loc":{"start":{"line":80,"column":55},"end":{"line":83,"column":3}}},"4":{"name":"(anonymous_4)","decl":{"start":{"line":91,"column":2},"end":{"line":91,"column":7}},"loc":{"start":{"line":91,"column":43},"end":{"line":143,"column":3}}},"5":{"name":"(anonymous_5)","decl":{"start":{"line":118,"column":37},"end":{"line":118,"column":43}},"loc":{"start":{"line":118,"column":48},"end":{"line":124,"column":6}}},"6":{"name":"(anonymous_6)","decl":{"start":{"line":151,"column":2},"end":{"line":151,"column":7}},"loc":{"start":{"line":151,"column":42},"end":{"line":160,"column":3}}},"7":{"name":"(anonymous_7)","decl":{"start":{"line":168,"column":2},"end":{"line":168,"column":7}},"loc":{"start":{"line":168,"column":37},"end":{"line":171,"column":3}}},"8":{"name":"(anonymous_8)","decl":{"start":{"line":179,"column":2},"end":{"line":179,"column":7}},"loc":{"start":{"line":179,"column":41},"end":{"line":182,"column":3}}},"9":{"name":"(anonymous_9)","decl":{"start":{"line":180,"column":33},"end":{"line":180,"column":39}},"loc":{"start":{"line":180,"column":43},"end":{"line":180,"column":70}}},"10":{"name":"getRoomCacheService","decl":{"start":{"line":190,"column":16},"end":{"line":190,"column":35}},"loc":{"start":{"line":190,"column":35},"end":{"line":192,"column":1}}}},"branchMap":{"0":{"loc":{"start":{"line":113,"column":4},"end":{"line":115,"column":5}},"type":"if","locations":[{"start":{"line":113,"column":4},"end":{"line":115,"column":5}}]},"1":{"loc":{"start":{"line":154,"column":4},"end":{"line":156,"column":5}},"type":"if","locations":[{"start":{"line":154,"column":4},"end":{"line":156,"column":5}}]}},"s":{"0":20,"1":20,"2":20,"3":20,"4":20,"5":13,"6":13,"7":5,"8":5,"9":5,"10":4,"11":4,"12":6,"13":6,"14":6,"15":3,"16":3,"17":2,"18":3,"19":3,"20":3,"21":3,"22":3,"23":1,"24":2,"25":4,"26":4,"27":2,"28":3,"29":2,"30":20,"31":0},"f":{"0":13,"1":13,"2":5,"3":4,"4":6,"5":2,"6":3,"7":4,"8":2,"9":3,"10":0},"b":{"0":[3],"1":[1]}}
,"C:\\project\\AC\\watch-together-server\\src\\validation\\schemas.ts": {"path":"C:\\project\\AC\\watch-together-server\\src\\validation\\schemas.ts","statementMap":{"0":{"start":{"line":6,"column":0},"end":{"line":6,"column":24}},"1":{"start":{"line":11,"column":13},"end":{"line":14,"column":80}},"2":{"start":{"line":19,"column":13},"end":{"line":22,"column":80}},"3":{"start":{"line":27,"column":13},"end":{"line":30,"column":81}},"4":{"start":{"line":35,"column":13},"end":{"line":39,"column":10}},"5":{"start":{"line":44,"column":13},"end":{"line":48,"column":14}},"6":{"start":{"line":53,"column":13},"end":{"line":57,"column":10}},"7":{"start":{"line":62,"column":13},"end":{"line":78,"column":4}},"8":{"start":{"line":68,"column":6},"end":{"line":73,"column":7}},"9":{"start":{"line":69,"column":23},"end":{"line":69,"column":35}},"10":{"start":{"line":70,"column":8},"end":{"line":70,"column":75}},"11":{"start":{"line":72,"column":8},"end":{"line":72,"column":21}},"12":{"start":{"line":83,"column":13},"end":{"line":89,"column":15}},"13":{"start":{"line":94,"column":13},"end":{"line":99,"column":14}},"14":{"start":{"line":106,"column":13},"end":{"line":109,"column":3}},"15":{"start":{"line":114,"column":13},"end":{"line":116,"column":3}},"16":{"start":{"line":121,"column":13},"end":{"line":123,"column":3}},"17":{"start":{"line":128,"column":13},"end":{"line":130,"column":3}},"18":{"start":{"line":135,"column":13},"end":{"line":138,"column":3}},"19":{"start":{"line":143,"column":13},"end":{"line":146,"column":3}},"20":{"start":{"line":153,"column":13},"end":{"line":164,"column":3}},"21":{"start":{"line":157,"column":23},"end":{"line":157,"column":58}},"22":{"start":{"line":162,"column":23},"end":{"line":162,"column":58}},"23":{"start":{"line":171,"column":13},"end":{"line":173,"column":3}}},"fnMap":{"0":{"name":"(anonymous_0)","decl":{"start":{"line":67,"column":4},"end":{"line":67,"column":7}},"loc":{"start":{"line":67,"column":10},"end":{"line":74,"column":5}}},"1":{"name":"(anonymous_1)","decl":{"start":{"line":157,"column":15},"end":{"line":157,"column":18}},"loc":{"start":{"line":157,"column":23},"end":{"line":157,"column":58}}},"2":{"name":"(anonymous_2)","decl":{"start":{"line":162,"column":15},"end":{"line":162,"column":18}},"loc":{"start":{"line":162,"column":23},"end":{"line":162,"column":58}}}},"branchMap":{"0":{"loc":{"start":{"line":70,"column":15},"end":{"line":70,"column":74}},"type":"binary-expr","locations":[{"start":{"line":70,"column":15},"end":{"line":70,"column":42}},{"start":{"line":70,"column":46},"end":{"line":70,"column":74}}]},"1":{"loc":{"start":{"line":157,"column":23},"end":{"line":157,"column":58}},"type":"cond-expr","locations":[{"start":{"line":157,"column":29},"end":{"line":157,"column":46}},{"start":{"line":157,"column":49},"end":{"line":157,"column":58}}]},"2":{"loc":{"start":{"line":162,"column":23},"end":{"line":162,"column":58}},"type":"cond-expr","locations":[{"start":{"line":162,"column":29},"end":{"line":162,"column":46}},{"start":{"line":162,"column":49},"end":{"line":162,"column":58}}]}},"s":{"0":19,"1":19,"2":19,"3":19,"4":19,"5":19,"6":19,"7":19,"8":1,"9":1,"10":1,"11":0,"12":19,"13":19,"14":19,"15":19,"16":19,"17":19,"18":19,"19":19,"20":19,"21":18,"22":18,"23":19},"f":{"0":1,"1":18,"2":18},"b":{"0":[1,1],"1":[10,8],"2":[5,13]}}
}
