TN:
SF:src\app.ts
FN:16,createApp
FN:37,(anonymous_2)
FN:45,(anonymous_3)
FN:48,(anonymous_4)
FN:52,(anonymous_5)
FN:76,(anonymous_6)
FN:87,(anonymous_7)
FNF:7
FNH:7
FNDA:31,createApp
FNDA:50,(anonymous_2)
FNDA:16,(anonymous_3)
FNDA:34,(anonymous_4)
FNDA:108,(anonymous_5)
FNDA:6,(anonymous_6)
FNDA:2,(anonymous_7)
DA:5,18
DA:6,18
DA:7,18
DA:8,18
DA:9,18
DA:10,18
DA:11,18
DA:16,18
DA:17,31
DA:20,31
DA:28,31
DA:31,31
DA:34,31
DA:38,50
DA:39,34
DA:40,16
DA:41,10
DA:43,6
DA:46,16
DA:49,34
DA:53,108
DA:73,31
DA:76,31
DA:77,6
DA:84,31
DA:87,31
DA:88,2
DA:95,31
DA:97,31
LF:29
LH:29
BRDA:38,0,0,34
BRDA:38,0,1,16
BRDA:40,1,0,10
BRDA:58,2,0,108
BRDA:58,2,1,0
BRF:5
BRH:4
end_of_record
TN:
SF:src\db.ts
FN:24,getPrismaClient
FN:61,connectDatabase
FN:83,disconnectDatabase
FNF:3
FNH:3
FNDA:73,getPrismaClient
FNDA:4,connectDatabase
FNDA:17,disconnectDatabase
DA:7,21
DA:15,21
DA:24,21
DA:25,73
DA:27,31
DA:29,31
DA:30,1
DA:37,30
DA:50,72
DA:61,21
DA:62,4
DA:64,4
DA:66,4
DA:67,0
DA:69,4
DA:70,4
DA:83,21
DA:84,17
DA:85,13
DA:86,13
DA:87,13
DA:88,13
DA:90,0
DA:92,0
DA:93,0
LF:25
LH:21
BRDA:25,0,0,31
BRDA:29,1,0,1
BRDA:38,2,0,0
BRDA:38,2,1,30
BRDA:71,3,0,4
BRDA:71,3,1,0
BRDA:84,4,0,13
BRF:7
BRH:5
end_of_record
TN:
SF:src\logger.ts
FN:19,(anonymous_1)
FN:29,getLogLevel
FN:79,createChildLogger
FNF:3
FNH:3
FNDA:19,(anonymous_1)
FNDA:19,getLogLevel
FNDA:9,createChildLogger
DA:6,19
DA:7,19
DA:8,19
DA:11,19
DA:12,19
DA:13,0
DA:19,19
DA:20,19
DA:21,19
DA:22,19
DA:23,19
DA:30,19
DA:31,19
DA:32,0
DA:34,19
DA:42,19
DA:79,19
DA:80,9
LF:18
LH:16
BRDA:12,0,0,0
BRDA:19,1,0,19
BRDA:19,1,1,19
BRDA:31,2,0,0
BRDA:31,3,0,19
BRDA:31,3,1,0
BRDA:45,4,0,0
BRDA:45,4,1,19
BRDA:56,5,0,19
BRDA:56,5,1,0
BRDA:70,6,0,19
BRDA:70,6,1,0
BRF:12
BRH:6
end_of_record
TN:
SF:src\redis.ts
FN:24,getRedisClient
FN:49,(anonymous_2)
FN:71,(anonymous_3)
FN:75,(anonymous_4)
FN:79,(anonymous_5)
FN:83,(anonymous_6)
FN:87,(anonymous_7)
FN:103,connectRedis
FN:128,disconnectRedis
FN:151,(anonymous_10)
FN:163,(anonymous_11)
FN:179,(anonymous_12)
FN:189,(anonymous_13)
FN:208,(anonymous_14)
FN:218,(anonymous_15)
FN:229,(anonymous_16)
FN:240,(anonymous_17)
FN:251,(anonymous_18)
FN:262,(anonymous_19)
FN:272,(anonymous_20)
FN:283,(anonymous_21)
FN:294,(anonymous_22)
FN:304,getCacheService
FNF:23
FNH:11
FNDA:79,getRedisClient
FNDA:275,(anonymous_2)
FNDA:0,(anonymous_3)
FNDA:0,(anonymous_4)
FNDA:275,(anonymous_5)
FNDA:275,(anonymous_6)
FNDA:275,(anonymous_7)
FNDA:0,connectRedis
FNDA:25,disconnectRedis
FNDA:71,(anonymous_10)
FNDA:0,(anonymous_11)
FNDA:52,(anonymous_12)
FNDA:0,(anonymous_13)
FNDA:17,(anonymous_14)
FNDA:0,(anonymous_15)
FNDA:1,(anonymous_16)
FNDA:0,(anonymous_17)
FNDA:0,(anonymous_18)
FNDA:0,(anonymous_19)
FNDA:0,(anonymous_20)
FNDA:0,(anonymous_21)
FNDA:0,(anonymous_22)
FNDA:71,getCacheService
DA:7,21
DA:15,21
DA:24,21
DA:25,79
DA:27,30
DA:30,30
DA:32,30
DA:34,30
DA:36,29
DA:39,1
DA:40,1
DA:47,30
DA:50,275
DA:51,275
DA:64,30
DA:65,29
DA:67,1
DA:71,30
DA:72,0
DA:75,30
DA:76,0
DA:79,30
DA:80,275
DA:83,30
DA:84,275
DA:87,30
DA:88,275
DA:92,79
DA:103,21
DA:104,0
DA:106,0
DA:108,0
DA:109,0
DA:110,0
DA:112,0
DA:114,0
DA:115,0
DA:128,21
DA:129,25
DA:130,25
DA:131,25
DA:132,25
DA:133,25
DA:135,0
DA:137,0
DA:138,0
DA:148,21
DA:152,71
DA:164,0
DA:166,0
DA:167,0
DA:169,0
DA:180,52
DA:190,0
DA:191,0
DA:192,0
DA:194,0
DA:195,0
DA:197,0
DA:198,0
DA:209,17
DA:219,0
DA:220,0
DA:230,1
DA:241,0
DA:252,0
DA:263,0
DA:273,0
DA:284,0
DA:285,0
DA:295,0
DA:304,21
DA:305,71
LF:73
LH:40
BRDA:25,0,0,30
BRDA:27,1,0,30
BRDA:27,1,1,6
BRDA:64,2,0,29
BRDA:64,2,1,1
BRDA:109,3,0,0
BRDA:116,4,0,0
BRDA:116,4,1,0
BRDA:129,5,0,25
BRDA:164,6,0,0
BRDA:164,6,1,0
BRDA:166,7,0,0
BRDA:166,7,1,0
BRDA:191,8,0,0
BRF:14
BRH:6
end_of_record
TN:
SF:src\websocket.ts
FN:64,isValidRoomIdFormat
FN:76,isValidUserIdFormat
FN:88,validateRoom
FN:114,validateUserInRoom
FN:139,storeConnectionInRedis
FN:159,removeConnectionFromRedis
FN:176,getClientIp
FN:209,checkConnectionLimit
FN:234,incrementIpConnectionCount
FN:258,decrementIpConnectionCount
FN:290,updateMemberLastActiveAt
FN:314,startHeartbeat
FN:319,(anonymous_12)
FN:330,(anonymous_13)
FN:347,stopHeartbeat
FN:384,getRoomState
FN:438,(anonymous_16)
FN:446,(anonymous_17)
FN:473,sendSyncState
FN:503,broadcastMemberJoined
FN:542,(anonymous_20)
FN:560,generateMessageId
FN:595,validateChatMessage
FN:632,isValidUrl
FN:648,validateUrlChangeMessage
FN:679,handleUrlChange
FN:826,handleChatMessage
FN:945,broadcastMemberLeft
FN:981,(anonymous_28)
FN:999,handleConnection
FN:1086,(anonymous_30)
FN:1089,(anonymous_31)
FN:1095,(anonymous_32)
FN:1141,(anonymous_33)
FN:1177,(anonymous_34)
FN:1207,createWebSocketServer
FN:1217,(anonymous_36)
FN:1218,(anonymous_37)
FN:1224,(anonymous_38)
FN:1238,closeWebSocketServer
FN:1240,(anonymous_40)
FN:1241,(anonymous_41)
FN:1262,getRoomConnections
FN:1276,broadcastToRoom
FN:1283,(anonymous_44)
FN:1298,sendToUser
FNF:46
FNH:4
FNDA:0,isValidRoomIdFormat
FNDA:0,isValidUserIdFormat
FNDA:0,validateRoom
FNDA:0,validateUserInRoom
FNDA:0,storeConnectionInRedis
FNDA:0,removeConnectionFromRedis
FNDA:0,getClientIp
FNDA:0,checkConnectionLimit
FNDA:0,incrementIpConnectionCount
FNDA:0,decrementIpConnectionCount
FNDA:0,updateMemberLastActiveAt
FNDA:0,startHeartbeat
FNDA:0,(anonymous_12)
FNDA:0,(anonymous_13)
FNDA:0,stopHeartbeat
FNDA:0,getRoomState
FNDA:0,(anonymous_16)
FNDA:0,(anonymous_17)
FNDA:0,sendSyncState
FNDA:0,broadcastMemberJoined
FNDA:0,(anonymous_20)
FNDA:0,generateMessageId
FNDA:0,validateChatMessage
FNDA:0,isValidUrl
FNDA:0,validateUrlChangeMessage
FNDA:0,handleUrlChange
FNDA:0,handleChatMessage
FNDA:0,broadcastMemberLeft
FNDA:0,(anonymous_28)
FNDA:0,handleConnection
FNDA:0,(anonymous_30)
FNDA:0,(anonymous_31)
FNDA:0,(anonymous_32)
FNDA:0,(anonymous_33)
FNDA:0,(anonymous_34)
FNDA:19,createWebSocketServer
FNDA:0,(anonymous_36)
FNDA:0,(anonymous_37)
FNDA:0,(anonymous_38)
FNDA:6,closeWebSocketServer
FNDA:6,(anonymous_40)
FNDA:6,(anonymous_41)
FNDA:0,getRoomConnections
FNDA:0,broadcastToRoom
FNDA:0,(anonymous_44)
FNDA:0,sendToUser
DA:7,7
DA:9,7
DA:10,7
DA:11,7
DA:12,7
DA:31,7
DA:36,7
DA:41,7
DA:47,7
DA:52,7
DA:66,0
DA:67,0
DA:78,0
DA:79,0
DA:89,0
DA:90,0
DA:91,0
DA:96,0
DA:97,0
DA:100,0
DA:102,0
DA:103,0
DA:115,0
DA:116,0
DA:117,0
DA:125,0
DA:127,0
DA:128,0
DA:140,0
DA:141,0
DA:142,0
DA:143,0
DA:145,0
DA:147,0
DA:160,0
DA:161,0
DA:162,0
DA:163,0
DA:165,0
DA:178,0
DA:179,0
DA:180,0
DA:181,0
DA:183,0
DA:184,0
DA:189,0
DA:190,0
DA:191,0
DA:192,0
DA:194,0
DA:195,0
DA:200,0
DA:210,0
DA:211,0
DA:212,0
DA:215,0
DA:218,0
DA:221,0
DA:222,0
DA:223,0
DA:235,0
DA:236,0
DA:237,0
DA:240,0
DA:242,0
DA:245,0
DA:246,0
DA:247,0
DA:259,0
DA:260,0
DA:261,0
DA:264,0
DA:267,0
DA:268,0
DA:269,0
DA:273,0
DA:274,0
DA:275,0
DA:276,0
DA:278,0
DA:291,0
DA:292,0
DA:293,0
DA:304,0
DA:315,0
DA:316,0
DA:319,0
DA:320,0
DA:321,0
DA:322,0
DA:324,0
DA:330,0
DA:331,0
DA:332,0
DA:333,0
DA:335,0
DA:336,0
DA:348,0
DA:349,0
DA:350,0
DA:352,0
DA:353,0
DA:354,0
DA:385,0
DA:386,0
DA:389,0
DA:396,0
DA:397,0
DA:401,0
DA:418,0
DA:436,0
DA:438,0
DA:446,0
DA:455,0
DA:457,0
DA:459,0
DA:474,0
DA:475,0
DA:477,0
DA:483,0
DA:485,0
DA:487,0
DA:504,0
DA:506,0
DA:507,0
DA:521,0
DA:522,0
DA:523,0
DA:527,0
DA:539,0
DA:540,0
DA:541,0
DA:542,0
DA:544,0
DA:545,0
DA:550,0
DA:562,0
DA:563,0
DA:564,0
DA:565,0
DA:567,0
DA:597,0
DA:598,0
DA:601,0
DA:602,0
DA:605,0
DA:606,0
DA:610,0
DA:611,0
DA:615,0
DA:616,0
DA:620,0
DA:621,0
DA:624,0
DA:633,0
DA:634,0
DA:636,0
DA:638,0
DA:650,0
DA:651,0
DA:654,0
DA:655,0
DA:659,0
DA:660,0
DA:661,0
DA:664,0
DA:665,0
DA:668,0
DA:685,0
DA:687,0
DA:688,0
DA:689,0
DA:696,0
DA:700,0
DA:701,0
DA:708,0
DA:712,0
DA:713,0
DA:714,0
DA:721,0
DA:724,0
DA:727,0
DA:731,0
DA:732,0
DA:739,0
DA:743,0
DA:754,0
DA:755,0
DA:762,0
DA:765,0
DA:766,0
DA:769,0
DA:779,0
DA:792,0
DA:805,0
DA:807,0
DA:808,0
DA:832,0
DA:834,0
DA:835,0
DA:836,0
DA:843,0
DA:847,0
DA:848,0
DA:855,0
DA:859,0
DA:860,0
DA:861,0
DA:868,0
DA:872,0
DA:873,0
DA:884,0
DA:885,0
DA:892,0
DA:896,0
DA:899,0
DA:902,0
DA:913,0
DA:926,0
DA:928,0
DA:929,0
DA:946,0
DA:948,0
DA:949,0
DA:961,0
DA:962,0
DA:963,0
DA:967,0
DA:978,0
DA:979,0
DA:980,0
DA:981,0
DA:983,0
DA:984,0
DA:989,0
DA:1000,0
DA:1002,0
DA:1003,0
DA:1004,0
DA:1007,0
DA:1008,0
DA:1009,0
DA:1013,0
DA:1014,0
DA:1015,0
DA:1018,0
DA:1019,0
DA:1020,0
DA:1024,0
DA:1027,0
DA:1030,0
DA:1031,0
DA:1032,0
DA:1033,0
DA:1037,0
DA:1038,0
DA:1039,0
DA:1040,0
DA:1044,0
DA:1045,0
DA:1046,0
DA:1047,0
DA:1051,0
DA:1061,0
DA:1064,0
DA:1067,0
DA:1068,0
DA:1070,0
DA:1073,0
DA:1076,0
DA:1078,0
DA:1081,0
DA:1082,0
DA:1086,0
DA:1087,0
DA:1089,0
DA:1090,0
DA:1095,0
DA:1097,0
DA:1098,0
DA:1099,0
DA:1100,0
DA:1103,0
DA:1104,0
DA:1105,0
DA:1109,0
DA:1110,0
DA:1111,0
DA:1115,0
DA:1116,0
DA:1117,0
DA:1121,0
DA:1129,0
DA:1130,0
DA:1141,0
DA:1142,0
DA:1145,0
DA:1148,0
DA:1149,0
DA:1153,0
DA:1156,0
DA:1157,0
DA:1160,0
DA:1161,0
DA:1162,0
DA:1163,0
DA:1168,0
DA:1171,0
DA:1172,0
DA:1177,0
DA:1178,0
DA:1182,0
DA:1194,0
DA:1196,0
DA:1197,0
DA:1207,7
DA:1208,19
DA:1209,12
DA:1212,7
DA:1217,7
DA:1218,0
DA:1219,0
DA:1220,0
DA:1224,7
DA:1225,0
DA:1228,7
DA:1230,7
DA:1238,7
DA:1239,6
DA:1240,6
DA:1241,6
DA:1242,6
DA:1243,0
DA:1244,0
DA:1246,6
DA:1247,6
DA:1248,6
DA:1249,6
DA:1262,7
DA:1263,0
DA:1264,0
DA:1265,0
DA:1267,0
DA:1276,7
DA:1277,0
DA:1278,0
DA:1279,0
DA:1282,0
DA:1283,0
DA:1284,0
DA:1285,0
DA:1298,7
DA:1299,0
DA:1300,0
DA:1301,0
DA:1304,0
DA:1305,0
DA:1306,0
DA:1309,0
DA:1310,0
LF:360
LH:30
BRDA:96,0,0,0
BRDA:96,1,0,0
BRDA:96,1,1,0
BRDA:179,2,0,0
BRDA:180,3,0,0
BRDA:183,4,0,0
BRDA:183,5,0,0
BRDA:183,5,1,0
BRDA:190,6,0,0
BRDA:191,7,0,0
BRDA:194,8,0,0
BRDA:194,9,0,0
BRDA:194,9,1,0
BRDA:200,10,0,0
BRDA:200,10,1,0
BRDA:222,11,0,0
BRDA:222,11,1,0
BRDA:246,12,0,0
BRDA:246,12,1,0
BRDA:268,13,0,0
BRDA:274,14,0,0
BRDA:274,14,1,0
BRDA:275,15,0,0
BRDA:275,15,1,0
BRDA:320,16,0,0
BRDA:332,17,0,0
BRDA:335,18,0,0
BRDA:348,19,0,0
BRDA:352,20,0,0
BRDA:396,21,0,0
BRDA:521,22,0,0
BRDA:540,23,0,0
BRDA:544,24,0,0
BRDA:544,25,0,0
BRDA:544,25,1,0
BRDA:597,26,0,0
BRDA:597,27,0,0
BRDA:597,27,1,0
BRDA:601,28,0,0
BRDA:601,29,0,0
BRDA:601,29,1,0
BRDA:605,30,0,0
BRDA:605,31,0,0
BRDA:605,31,1,0
BRDA:610,32,0,0
BRDA:615,33,0,0
BRDA:620,34,0,0
BRDA:636,35,0,0
BRDA:636,35,1,0
BRDA:650,36,0,0
BRDA:650,37,0,0
BRDA:650,37,1,0
BRDA:654,38,0,0
BRDA:654,39,0,0
BRDA:654,39,1,0
BRDA:660,40,0,0
BRDA:664,41,0,0
BRDA:688,42,0,0
BRDA:700,43,0,0
BRDA:713,44,0,0
BRDA:731,45,0,0
BRDA:754,46,0,0
BRDA:835,47,0,0
BRDA:847,48,0,0
BRDA:860,49,0,0
BRDA:884,50,0,0
BRDA:961,51,0,0
BRDA:979,52,0,0
BRDA:983,53,0,0
BRDA:983,54,0,0
BRDA:983,54,1,0
BRDA:1002,55,0,0
BRDA:1002,55,1,0
BRDA:1007,56,0,0
BRDA:1007,57,0,0
BRDA:1007,57,1,0
BRDA:1013,58,0,0
BRDA:1018,59,0,0
BRDA:1031,60,0,0
BRDA:1038,61,0,0
BRDA:1045,62,0,0
BRDA:1064,63,0,0
BRDA:1064,63,1,0
BRDA:1067,64,0,0
BRDA:1081,65,0,0
BRDA:1103,66,0,0
BRDA:1109,67,0,0
BRDA:1115,68,0,0
BRDA:1148,69,0,0
BRDA:1148,70,0,0
BRDA:1148,70,1,0
BRDA:1157,71,0,0
BRDA:1157,71,1,0
BRDA:1160,72,0,0
BRDA:1162,73,0,0
BRDA:1171,74,0,0
BRDA:1208,75,0,12
BRDA:1239,76,0,6
BRDA:1242,77,0,0
BRDA:1242,77,1,6
BRDA:1264,78,0,0
BRDA:1278,79,0,0
BRDA:1284,80,0,0
BRDA:1300,81,0,0
BRDA:1305,82,0,0
BRDA:1305,83,0,0
BRDA:1305,83,1,0
BRF:107
BRH:3
end_of_record
TN:
SF:src\middleware\errorHandler.ts
FN:13,(anonymous_0)
FN:43,formatZodError
FN:63,handlePrismaError
FN:108,errorHandler
FN:194,createHttpError
FNF:5
FNH:3
FNDA:18,(anonymous_0)
FNDA:8,formatZodError
FNDA:0,handlePrismaError
FNDA:49,errorHandler
FNDA:0,createHttpError
DA:6,18
DA:7,18
DA:8,18
DA:13,18
DA:15,18
DA:16,18
DA:17,18
DA:18,18
DA:19,18
DA:20,18
DA:23,18
DA:24,18
DA:25,18
DA:44,8
DA:45,8
DA:46,0
DA:50,8
DA:51,8
DA:55,0
DA:56,0
DA:57,0
DA:64,0
DA:65,0
DA:68,0
DA:75,0
DA:81,0
DA:89,0
DA:90,0
DA:98,0
DA:108,18
DA:115,49
DA:126,49
DA:127,49
DA:135,0
DA:139,49
DA:140,8
DA:148,8
DA:149,8
DA:153,41
DA:154,0
DA:155,0
DA:162,0
DA:163,0
DA:167,41
DA:168,0
DA:169,0
DA:176,0
DA:177,0
DA:181,41
DA:188,41
DA:194,18
DA:198,0
DA:199,0
DA:200,0
DA:201,0
LF:55
LH:30
BRDA:13,0,0,18
BRDA:13,0,1,18
BRDA:45,1,0,0
BRDA:50,2,0,8
BRDA:56,3,0,0
BRDA:56,3,1,0
BRDA:64,4,0,0
BRDA:65,5,0,0
BRDA:65,5,1,0
BRDA:65,5,2,0
BRDA:89,6,0,0
BRDA:119,7,0,49
BRDA:119,7,1,0
BRDA:121,8,0,49
BRDA:121,8,1,0
BRDA:122,9,0,49
BRDA:122,9,1,0
BRDA:126,10,0,49
BRDA:126,10,1,0
BRDA:139,11,0,8
BRDA:153,12,0,0
BRDA:153,13,0,41
BRDA:153,13,1,41
BRDA:167,14,0,0
BRDA:167,15,0,41
BRDA:167,15,1,41
BRDA:167,15,2,41
BRDA:167,15,3,0
BRDA:173,16,0,0
BRDA:173,16,1,0
BRDA:185,17,0,41
BRDA:185,17,1,0
BRF:32
BRH:14
end_of_record
TN:
SF:src\middleware\rateLimit.ts
FN:32,getClientIp
FN:57,getUserId
FN:91,checkRateLimit
FN:144,ipRateLimit
FN:187,userRateLimit
FN:237,rateLimit
FN:243,(anonymous_6)
FNF:7
FNH:7
FNDA:51,getClientIp
FNDA:51,getUserId
FNDA:51,checkRateLimit
FNDA:51,ipRateLimit
FNDA:51,userRateLimit
FNDA:51,rateLimit
FNDA:51,(anonymous_6)
DA:8,18
DA:13,18
DA:34,51
DA:35,51
DA:37,0
DA:38,0
DA:42,51
DA:43,51
DA:44,0
DA:48,51
DA:59,51
DA:60,51
DA:61,0
DA:65,51
DA:66,51
DA:67,0
DA:68,0
DA:70,0
DA:71,0
DA:76,51
DA:77,0
DA:80,51
DA:96,51
DA:97,51
DA:98,51
DA:99,51
DA:103,51
DA:105,51
DA:107,51
DA:108,0
DA:111,0
DA:112,0
DA:120,0
DA:121,0
DA:123,0
DA:130,51
DA:131,51
DA:144,18
DA:149,51
DA:150,51
DA:152,51
DA:159,51
DA:160,51
DA:161,51
DA:163,51
DA:164,0
DA:176,0
DA:179,51
DA:187,18
DA:192,51
DA:195,51
DA:196,51
DA:197,51
DA:200,0
DA:202,0
DA:209,0
DA:210,0
DA:211,0
DA:213,0
DA:214,0
DA:226,0
DA:229,0
DA:237,18
DA:243,51
DA:244,51
DA:245,0
DA:248,51
LF:67
LH:40
BRDA:35,0,0,0
BRDA:37,1,0,0
BRDA:37,1,1,0
BRDA:43,2,0,0
BRDA:44,3,0,0
BRDA:44,3,1,0
BRDA:48,4,0,51
BRDA:48,4,1,0
BRDA:60,5,0,0
BRDA:61,6,0,0
BRDA:61,6,1,0
BRDA:66,7,0,0
BRDA:67,8,0,0
BRDA:68,9,0,0
BRDA:68,9,1,0
BRDA:70,10,0,0
BRDA:76,11,0,0
BRDA:76,12,0,51
BRDA:76,12,1,46
BRDA:108,13,0,0
BRDA:108,13,1,0
BRDA:111,14,0,0
BRDA:163,15,0,0
BRDA:195,16,0,51
BRDA:213,17,0,0
BRDA:244,18,0,0
BRF:26
BRH:4
end_of_record
TN:
SF:src\middleware\validate.ts
FN:12,validateBody
FN:13,(anonymous_1)
FN:33,validateQuery
FN:34,(anonymous_3)
FN:54,validateParams
FN:55,(anonymous_5)
FNF:6
FNH:5
FNDA:108,validateBody
FNDA:45,(anonymous_1)
FNDA:18,validateQuery
FNDA:0,(anonymous_3)
FNDA:162,validateParams
FNDA:5,(anonymous_5)
DA:7,18
DA:12,18
DA:13,108
DA:14,45
DA:15,45
DA:17,42
DA:18,42
DA:20,3
DA:22,3
DA:24,0
DA:33,18
DA:34,18
DA:35,0
DA:36,0
DA:38,0
DA:39,0
DA:41,0
DA:43,0
DA:45,0
DA:54,18
DA:55,162
DA:56,5
DA:58,5
DA:59,5
DA:61,0
DA:63,0
DA:64,0
DA:66,5
DA:68,5
DA:70,0
LF:30
LH:18
BRDA:20,0,0,3
BRDA:20,0,1,0
BRDA:41,1,0,0
BRDA:41,1,1,0
BRDA:58,2,0,5
BRDA:58,2,1,0
BRDA:58,3,0,5
BRDA:58,3,1,5
BRDA:66,4,0,5
BRDA:66,4,1,0
BRF:10
BRH:5
end_of_record
TN:
SF:src\routes\rooms.ts
FN:29,generateRoomId
FN:45,generateUserId
FN:61,generateMessageId
FN:98,(anonymous_3)
FN:111,(anonymous_4)
FN:192,(anonymous_5)
FN:255,(anonymous_6)
FN:340,(anonymous_7)
FN:428,(anonymous_8)
FN:516,(anonymous_9)
FN:602,(anonymous_10)
FN:633,(anonymous_11)
FN:693,(anonymous_12)
FN:803,(anonymous_13)
FN:844,(anonymous_14)
FN:914,(anonymous_15)
FNF:16
FNH:3
FNDA:42,generateRoomId
FNDA:42,generateUserId
FNDA:0,generateMessageId
FNDA:42,(anonymous_3)
FNDA:0,(anonymous_4)
FNDA:0,(anonymous_5)
FNDA:0,(anonymous_6)
FNDA:0,(anonymous_7)
FNDA:0,(anonymous_8)
FNDA:0,(anonymous_9)
FNDA:0,(anonymous_10)
FNDA:0,(anonymous_11)
FNDA:0,(anonymous_12)
FNDA:0,(anonymous_13)
FNDA:0,(anonymous_14)
FNDA:0,(anonymous_15)
DA:5,18
DA:6,18
DA:7,18
DA:8,18
DA:9,18
DA:19,18
DA:21,18
DA:31,42
DA:32,42
DA:33,42
DA:34,336
DA:36,42
DA:47,42
DA:48,42
DA:49,42
DA:50,336
DA:52,42
DA:63,0
DA:64,0
DA:65,0
DA:66,0
DA:68,0
DA:95,18
DA:99,42
DA:100,42
DA:102,42
DA:105,42
DA:106,42
DA:107,42
DA:108,42
DA:111,42
DA:113,0
DA:123,0
DA:132,0
DA:136,0
DA:148,41
DA:189,18
DA:193,0
DA:194,0
DA:195,0
DA:198,0
DA:199,0
DA:202,0
DA:203,0
DA:207,0
DA:212,0
DA:251,18
DA:256,0
DA:257,0
DA:258,0
DA:259,0
DA:261,0
DA:264,0
DA:271,0
DA:272,0
DA:276,0
DA:277,0
DA:278,0
DA:282,0
DA:283,0
DA:287,0
DA:295,0
DA:296,0
DA:299,0
DA:312,0
DA:337,18
DA:341,0
DA:342,0
DA:343,0
DA:345,0
DA:348,0
DA:355,0
DA:356,0
DA:360,0
DA:370,0
DA:371,0
DA:374,0
DA:379,0
DA:424,18
DA:429,0
DA:430,0
DA:431,0
DA:432,0
DA:434,0
DA:437,0
DA:444,0
DA:445,0
DA:449,0
DA:452,0
DA:462,0
DA:481,0
DA:512,18
DA:517,0
DA:518,0
DA:519,0
DA:520,0
DA:522,0
DA:525,0
DA:532,0
DA:533,0
DA:537,0
DA:545,0
DA:546,0
DA:550,0
DA:560,0
DA:565,0
DA:599,18
DA:603,0
DA:604,0
DA:605,0
DA:607,0
DA:610,0
DA:617,0
DA:618,0
DA:622,0
DA:633,0
DA:642,0
DA:650,0
DA:689,18
DA:694,0
DA:695,0
DA:696,0
DA:697,0
DA:699,0
DA:702,0
DA:709,0
DA:710,0
DA:714,0
DA:722,0
DA:723,0
DA:727,0
DA:730,0
DA:741,0
DA:753,0
DA:799,18
DA:804,0
DA:805,0
DA:806,0
DA:807,0
DA:808,0
DA:810,0
DA:813,0
DA:820,0
DA:821,0
DA:825,0
DA:832,0
DA:844,0
DA:854,0
DA:857,0
DA:870,0
DA:910,18
DA:915,0
DA:916,0
DA:917,0
DA:918,0
DA:920,0
DA:923,0
DA:930,0
DA:931,0
DA:935,0
DA:943,0
DA:944,0
DA:948,0
DA:958,0
DA:971,0
DA:972,0
DA:975,0
DA:988,0
DA:993,18
LF:169
LH:37
BRDA:107,0,0,42
BRDA:107,0,1,2
BRDA:202,1,0,0
BRDA:271,2,0,0
BRDA:277,3,0,0
BRDA:278,4,0,0
BRDA:278,4,1,0
BRDA:282,5,0,0
BRDA:355,6,0,0
BRDA:444,7,0,0
BRDA:532,8,0,0
BRDA:545,9,0,0
BRDA:617,10,0,0
BRDA:709,11,0,0
BRDA:722,12,0,0
BRDA:820,13,0,0
BRDA:930,14,0,0
BRDA:943,15,0,0
BRF:18
BRH:2
end_of_record
TN:
SF:src\services\roomCache.ts
FN:47,(anonymous_0)
FN:57,(anonymous_1)
FN:67,(anonymous_2)
FN:80,(anonymous_3)
FN:91,(anonymous_4)
FN:118,(anonymous_5)
FN:151,(anonymous_6)
FN:168,(anonymous_7)
FN:179,(anonymous_8)
FN:180,(anonymous_9)
FN:190,getRoomCacheService
FNF:11
FNH:10
FNDA:13,(anonymous_0)
FNDA:13,(anonymous_1)
FNDA:5,(anonymous_2)
FNDA:4,(anonymous_3)
FNDA:6,(anonymous_4)
FNDA:2,(anonymous_5)
FNDA:3,(anonymous_6)
FNDA:4,(anonymous_7)
FNDA:2,(anonymous_8)
FNDA:3,(anonymous_9)
FNDA:0,getRoomCacheService
DA:7,19
DA:8,19
DA:13,19
DA:18,19
DA:44,19
DA:48,13
DA:58,13
DA:68,5
DA:69,5
DA:70,5
DA:81,4
DA:82,4
DA:92,6
DA:95,6
DA:113,6
DA:114,3
DA:118,3
DA:127,3
DA:140,3
DA:142,3
DA:153,3
DA:154,3
DA:155,1
DA:159,2
DA:169,4
DA:170,4
DA:180,3
DA:181,2
DA:190,19
DA:191,0
LF:30
LH:29
BRDA:113,0,0,3
BRDA:154,1,0,1
BRF:2
BRH:2
end_of_record
TN:
SF:src\validation\schemas.ts
FN:67,(anonymous_0)
FN:157,(anonymous_1)
FN:162,(anonymous_2)
FNF:3
FNH:0
FNDA:0,(anonymous_0)
FNDA:0,(anonymous_1)
FNDA:0,(anonymous_2)
DA:6,18
DA:11,18
DA:19,18
DA:27,18
DA:35,18
DA:44,18
DA:53,18
DA:62,18
DA:68,0
DA:69,0
DA:70,0
DA:72,0
DA:83,18
DA:94,18
DA:106,18
DA:114,18
DA:121,18
DA:128,18
DA:135,18
DA:143,18
DA:153,18
DA:157,0
DA:162,0
DA:171,18
LF:24
LH:18
BRDA:70,0,0,0
BRDA:70,0,1,0
BRDA:157,1,0,0
BRDA:157,1,1,0
BRDA:162,2,0,0
BRDA:162,2,1,0
BRF:6
BRH:0
end_of_record
