TN:
SF:src\app.ts
FN:16,createApp
FN:37,(anonymous_2)
FN:45,(anonymous_3)
FN:48,(anonymous_4)
FN:52,(anonymous_5)
FN:76,(anonymous_6)
FN:87,(anonymous_7)
FNF:7
FNH:7
FNDA:32,createApp
FNDA:186,(anonymous_2)
FNDA:122,(anonymous_3)
FNDA:64,(anonymous_4)
FNDA:380,(anonymous_5)
FNDA:6,(anonymous_6)
FNDA:4,(anonymous_7)
DA:5,19
DA:6,19
DA:7,19
DA:8,19
DA:9,19
DA:10,19
DA:11,19
DA:16,19
DA:17,32
DA:20,32
DA:28,32
DA:31,32
DA:34,32
DA:38,186
DA:39,64
DA:40,122
DA:41,106
DA:43,16
DA:46,122
DA:49,64
DA:53,380
DA:73,32
DA:76,32
DA:77,6
DA:84,32
DA:87,32
DA:88,4
DA:95,32
DA:97,32
LF:29
LH:29
BRDA:38,0,0,64
BRDA:38,0,1,122
BRDA:40,1,0,106
BRDA:58,2,0,380
BRDA:58,2,1,0
BRF:5
BRH:4
end_of_record
TN:
SF:src\db.ts
FN:24,getPrismaClient
FN:61,connectDatabase
FN:83,disconnectDatabase
FNF:3
FNH:3
FNDA:96,getPrismaClient
FNDA:4,connectDatabase
FNDA:17,disconnectDatabase
DA:7,23
DA:15,23
DA:24,23
DA:25,96
DA:27,31
DA:29,31
DA:30,1
DA:37,30
DA:50,95
DA:61,23
DA:62,4
DA:64,4
DA:66,4
DA:67,0
DA:69,4
DA:70,4
DA:83,23
DA:84,17
DA:85,13
DA:86,13
DA:87,13
DA:88,13
DA:90,0
DA:92,0
DA:93,0
LF:25
LH:21
BRDA:25,0,0,31
BRDA:29,1,0,1
BRDA:38,2,0,0
BRDA:38,2,1,30
BRDA:71,3,0,4
BRDA:71,3,1,0
BRDA:84,4,0,13
BRF:7
BRH:5
end_of_record
TN:
SF:src\logger.ts
FN:19,(anonymous_1)
FN:29,getLogLevel
FN:79,createChildLogger
FNF:3
FNH:3
FNDA:21,(anonymous_1)
FNDA:21,getLogLevel
FNDA:10,createChildLogger
DA:6,21
DA:7,21
DA:8,21
DA:11,21
DA:12,21
DA:13,0
DA:19,21
DA:20,21
DA:21,21
DA:22,21
DA:23,21
DA:30,21
DA:31,21
DA:32,0
DA:34,21
DA:42,21
DA:79,21
DA:80,10
LF:18
LH:16
BRDA:12,0,0,0
BRDA:19,1,0,21
BRDA:19,1,1,21
BRDA:31,2,0,0
BRDA:31,3,0,21
BRDA:31,3,1,0
BRDA:45,4,0,0
BRDA:45,4,1,21
BRDA:56,5,0,21
BRDA:56,5,1,0
BRDA:70,6,0,21
BRDA:70,6,1,0
BRF:12
BRH:6
end_of_record
TN:
SF:src\redis.ts
FN:24,getRedisClient
FN:49,(anonymous_2)
FN:71,(anonymous_3)
FN:75,(anonymous_4)
FN:79,(anonymous_5)
FN:83,(anonymous_6)
FN:87,(anonymous_7)
FN:103,connectRedis
FN:128,disconnectRedis
FN:151,(anonymous_10)
FN:163,(anonymous_11)
FN:179,(anonymous_12)
FN:189,(anonymous_13)
FN:208,(anonymous_14)
FN:218,(anonymous_15)
FN:229,(anonymous_16)
FN:240,(anonymous_17)
FN:251,(anonymous_18)
FN:262,(anonymous_19)
FN:272,(anonymous_20)
FN:283,(anonymous_21)
FN:294,(anonymous_22)
FN:304,getCacheService
FNF:23
FNH:12
FNDA:238,getRedisClient
FNDA:699,(anonymous_2)
FNDA:0,(anonymous_3)
FNDA:0,(anonymous_4)
FNDA:699,(anonymous_5)
FNDA:699,(anonymous_6)
FNDA:699,(anonymous_7)
FNDA:0,connectRedis
FNDA:25,disconnectRedis
FNDA:230,(anonymous_10)
FNDA:1,(anonymous_11)
FNDA:209,(anonymous_12)
FNDA:0,(anonymous_13)
FNDA:18,(anonymous_14)
FNDA:0,(anonymous_15)
FNDA:1,(anonymous_16)
FNDA:0,(anonymous_17)
FNDA:0,(anonymous_18)
FNDA:0,(anonymous_19)
FNDA:0,(anonymous_20)
FNDA:0,(anonymous_21)
FNDA:0,(anonymous_22)
FNDA:230,getCacheService
DA:7,23
DA:15,23
DA:24,23
DA:25,238
DA:27,34
DA:30,34
DA:32,34
DA:34,34
DA:36,33
DA:39,1
DA:40,1
DA:47,34
DA:50,699
DA:51,699
DA:64,34
DA:65,33
DA:67,1
DA:71,34
DA:72,0
DA:75,34
DA:76,0
DA:79,34
DA:80,699
DA:83,34
DA:84,699
DA:87,34
DA:88,699
DA:92,238
DA:103,23
DA:104,0
DA:106,0
DA:108,0
DA:109,0
DA:110,0
DA:112,0
DA:114,0
DA:115,0
DA:128,23
DA:129,25
DA:130,25
DA:131,25
DA:132,25
DA:133,25
DA:135,0
DA:137,0
DA:138,0
DA:148,23
DA:152,230
DA:164,1
DA:166,1
DA:167,1
DA:169,0
DA:180,209
DA:190,0
DA:191,0
DA:192,0
DA:194,0
DA:195,0
DA:197,0
DA:198,0
DA:209,18
DA:219,0
DA:220,0
DA:230,1
DA:241,0
DA:252,0
DA:263,0
DA:273,0
DA:284,0
DA:285,0
DA:295,0
DA:304,23
DA:305,230
LF:73
LH:43
BRDA:25,0,0,34
BRDA:27,1,0,34
BRDA:27,1,1,10
BRDA:64,2,0,33
BRDA:64,2,1,1
BRDA:109,3,0,0
BRDA:116,4,0,0
BRDA:116,4,1,0
BRDA:129,5,0,25
BRDA:164,6,0,1
BRDA:164,6,1,0
BRDA:166,7,0,1
BRDA:166,7,1,0
BRDA:191,8,0,0
BRF:14
BRH:8
end_of_record
TN:
SF:src\websocket.ts
FN:64,isValidRoomIdFormat
FN:76,isValidUserIdFormat
FN:88,validateRoom
FN:114,validateUserInRoom
FN:139,storeConnectionInRedis
FN:159,removeConnectionFromRedis
FN:176,getClientIp
FN:209,checkConnectionLimit
FN:234,incrementIpConnectionCount
FN:258,decrementIpConnectionCount
FN:290,updateMemberLastActiveAt
FN:314,startHeartbeat
FN:319,(anonymous_12)
FN:330,(anonymous_13)
FN:347,stopHeartbeat
FN:384,getRoomState
FN:438,(anonymous_16)
FN:446,(anonymous_17)
FN:473,sendSyncState
FN:503,broadcastMemberJoined
FN:542,(anonymous_20)
FN:560,generateMessageId
FN:595,validateChatMessage
FN:632,isValidUrl
FN:648,validateUrlChangeMessage
FN:679,handleUrlChange
FN:826,handleChatMessage
FN:945,broadcastMemberLeft
FN:981,(anonymous_28)
FN:999,handleConnection
FN:1086,(anonymous_30)
FN:1089,(anonymous_31)
FN:1095,(anonymous_32)
FN:1141,(anonymous_33)
FN:1177,(anonymous_34)
FN:1207,createWebSocketServer
FN:1217,(anonymous_36)
FN:1218,(anonymous_37)
FN:1224,(anonymous_38)
FN:1238,closeWebSocketServer
FN:1240,(anonymous_40)
FN:1241,(anonymous_41)
FN:1262,getRoomConnections
FN:1276,broadcastToRoom
FN:1283,(anonymous_44)
FN:1298,sendToUser
FNF:46
FNH:4
FNDA:0,isValidRoomIdFormat
FNDA:0,isValidUserIdFormat
FNDA:0,validateRoom
FNDA:0,validateUserInRoom
FNDA:0,storeConnectionInRedis
FNDA:0,removeConnectionFromRedis
FNDA:0,getClientIp
FNDA:0,checkConnectionLimit
FNDA:0,incrementIpConnectionCount
FNDA:0,decrementIpConnectionCount
FNDA:0,updateMemberLastActiveAt
FNDA:0,startHeartbeat
FNDA:0,(anonymous_12)
FNDA:0,(anonymous_13)
FNDA:0,stopHeartbeat
FNDA:0,getRoomState
FNDA:0,(anonymous_16)
FNDA:0,(anonymous_17)
FNDA:0,sendSyncState
FNDA:0,broadcastMemberJoined
FNDA:0,(anonymous_20)
FNDA:0,generateMessageId
FNDA:0,validateChatMessage
FNDA:0,isValidUrl
FNDA:0,validateUrlChangeMessage
FNDA:0,handleUrlChange
FNDA:0,handleChatMessage
FNDA:0,broadcastMemberLeft
FNDA:0,(anonymous_28)
FNDA:0,handleConnection
FNDA:0,(anonymous_30)
FNDA:0,(anonymous_31)
FNDA:0,(anonymous_32)
FNDA:0,(anonymous_33)
FNDA:0,(anonymous_34)
FNDA:25,createWebSocketServer
FNDA:0,(anonymous_36)
FNDA:0,(anonymous_37)
FNDA:0,(anonymous_38)
FNDA:6,closeWebSocketServer
FNDA:6,(anonymous_40)
FNDA:6,(anonymous_41)
FNDA:0,getRoomConnections
FNDA:0,broadcastToRoom
FNDA:0,(anonymous_44)
FNDA:0,sendToUser
DA:7,8
DA:9,8
DA:10,8
DA:11,8
DA:12,8
DA:31,8
DA:36,8
DA:41,8
DA:47,8
DA:52,8
DA:66,0
DA:67,0
DA:78,0
DA:79,0
DA:89,0
DA:90,0
DA:91,0
DA:96,0
DA:97,0
DA:100,0
DA:102,0
DA:103,0
DA:115,0
DA:116,0
DA:117,0
DA:125,0
DA:127,0
DA:128,0
DA:140,0
DA:141,0
DA:142,0
DA:143,0
DA:145,0
DA:147,0
DA:160,0
DA:161,0
DA:162,0
DA:163,0
DA:165,0
DA:178,0
DA:179,0
DA:180,0
DA:181,0
DA:183,0
DA:184,0
DA:189,0
DA:190,0
DA:191,0
DA:192,0
DA:194,0
DA:195,0
DA:200,0
DA:210,0
DA:211,0
DA:212,0
DA:215,0
DA:218,0
DA:221,0
DA:222,0
DA:223,0
DA:235,0
DA:236,0
DA:237,0
DA:240,0
DA:242,0
DA:245,0
DA:246,0
DA:247,0
DA:259,0
DA:260,0
DA:261,0
DA:264,0
DA:267,0
DA:268,0
DA:269,0
DA:273,0
DA:274,0
DA:275,0
DA:276,0
DA:278,0
DA:291,0
DA:292,0
DA:293,0
DA:304,0
DA:315,0
DA:316,0
DA:319,0
DA:320,0
DA:321,0
DA:322,0
DA:324,0
DA:330,0
DA:331,0
DA:332,0
DA:333,0
DA:335,0
DA:336,0
DA:348,0
DA:349,0
DA:350,0
DA:352,0
DA:353,0
DA:354,0
DA:385,0
DA:386,0
DA:389,0
DA:396,0
DA:397,0
DA:401,0
DA:418,0
DA:436,0
DA:438,0
DA:446,0
DA:455,0
DA:457,0
DA:459,0
DA:474,0
DA:475,0
DA:477,0
DA:483,0
DA:485,0
DA:487,0
DA:504,0
DA:506,0
DA:507,0
DA:521,0
DA:522,0
DA:523,0
DA:527,0
DA:539,0
DA:540,0
DA:541,0
DA:542,0
DA:544,0
DA:545,0
DA:550,0
DA:562,0
DA:563,0
DA:564,0
DA:565,0
DA:567,0
DA:597,0
DA:598,0
DA:601,0
DA:602,0
DA:605,0
DA:606,0
DA:610,0
DA:611,0
DA:615,0
DA:616,0
DA:620,0
DA:621,0
DA:624,0
DA:633,0
DA:634,0
DA:636,0
DA:638,0
DA:650,0
DA:651,0
DA:654,0
DA:655,0
DA:659,0
DA:660,0
DA:661,0
DA:664,0
DA:665,0
DA:668,0
DA:685,0
DA:687,0
DA:688,0
DA:689,0
DA:696,0
DA:700,0
DA:701,0
DA:708,0
DA:712,0
DA:713,0
DA:714,0
DA:721,0
DA:724,0
DA:727,0
DA:731,0
DA:732,0
DA:739,0
DA:743,0
DA:754,0
DA:755,0
DA:762,0
DA:765,0
DA:766,0
DA:769,0
DA:779,0
DA:792,0
DA:805,0
DA:807,0
DA:808,0
DA:832,0
DA:834,0
DA:835,0
DA:836,0
DA:843,0
DA:847,0
DA:848,0
DA:855,0
DA:859,0
DA:860,0
DA:861,0
DA:868,0
DA:872,0
DA:873,0
DA:884,0
DA:885,0
DA:892,0
DA:896,0
DA:899,0
DA:902,0
DA:913,0
DA:926,0
DA:928,0
DA:929,0
DA:946,0
DA:948,0
DA:949,0
DA:961,0
DA:962,0
DA:963,0
DA:967,0
DA:978,0
DA:979,0
DA:980,0
DA:981,0
DA:983,0
DA:984,0
DA:989,0
DA:1000,0
DA:1002,0
DA:1003,0
DA:1004,0
DA:1007,0
DA:1008,0
DA:1009,0
DA:1013,0
DA:1014,0
DA:1015,0
DA:1018,0
DA:1019,0
DA:1020,0
DA:1024,0
DA:1027,0
DA:1030,0
DA:1031,0
DA:1032,0
DA:1033,0
DA:1037,0
DA:1038,0
DA:1039,0
DA:1040,0
DA:1044,0
DA:1045,0
DA:1046,0
DA:1047,0
DA:1051,0
DA:1061,0
DA:1064,0
DA:1067,0
DA:1068,0
DA:1070,0
DA:1073,0
DA:1076,0
DA:1078,0
DA:1081,0
DA:1082,0
DA:1086,0
DA:1087,0
DA:1089,0
DA:1090,0
DA:1095,0
DA:1097,0
DA:1098,0
DA:1099,0
DA:1100,0
DA:1103,0
DA:1104,0
DA:1105,0
DA:1109,0
DA:1110,0
DA:1111,0
DA:1115,0
DA:1116,0
DA:1117,0
DA:1121,0
DA:1129,0
DA:1130,0
DA:1141,0
DA:1142,0
DA:1145,0
DA:1148,0
DA:1149,0
DA:1153,0
DA:1156,0
DA:1157,0
DA:1160,0
DA:1161,0
DA:1162,0
DA:1163,0
DA:1168,0
DA:1171,0
DA:1172,0
DA:1177,0
DA:1178,0
DA:1182,0
DA:1194,0
DA:1196,0
DA:1197,0
DA:1207,8
DA:1208,25
DA:1209,17
DA:1212,8
DA:1217,8
DA:1218,0
DA:1219,0
DA:1220,0
DA:1224,8
DA:1225,0
DA:1228,8
DA:1230,8
DA:1238,8
DA:1239,6
DA:1240,6
DA:1241,6
DA:1242,6
DA:1243,0
DA:1244,0
DA:1246,6
DA:1247,6
DA:1248,6
DA:1249,6
DA:1262,8
DA:1263,0
DA:1264,0
DA:1265,0
DA:1267,0
DA:1276,8
DA:1277,0
DA:1278,0
DA:1279,0
DA:1282,0
DA:1283,0
DA:1284,0
DA:1285,0
DA:1298,8
DA:1299,0
DA:1300,0
DA:1301,0
DA:1304,0
DA:1305,0
DA:1306,0
DA:1309,0
DA:1310,0
LF:360
LH:30
BRDA:96,0,0,0
BRDA:96,1,0,0
BRDA:96,1,1,0
BRDA:179,2,0,0
BRDA:180,3,0,0
BRDA:183,4,0,0
BRDA:183,5,0,0
BRDA:183,5,1,0
BRDA:190,6,0,0
BRDA:191,7,0,0
BRDA:194,8,0,0
BRDA:194,9,0,0
BRDA:194,9,1,0
BRDA:200,10,0,0
BRDA:200,10,1,0
BRDA:222,11,0,0
BRDA:222,11,1,0
BRDA:246,12,0,0
BRDA:246,12,1,0
BRDA:268,13,0,0
BRDA:274,14,0,0
BRDA:274,14,1,0
BRDA:275,15,0,0
BRDA:275,15,1,0
BRDA:320,16,0,0
BRDA:332,17,0,0
BRDA:335,18,0,0
BRDA:348,19,0,0
BRDA:352,20,0,0
BRDA:396,21,0,0
BRDA:521,22,0,0
BRDA:540,23,0,0
BRDA:544,24,0,0
BRDA:544,25,0,0
BRDA:544,25,1,0
BRDA:597,26,0,0
BRDA:597,27,0,0
BRDA:597,27,1,0
BRDA:601,28,0,0
BRDA:601,29,0,0
BRDA:601,29,1,0
BRDA:605,30,0,0
BRDA:605,31,0,0
BRDA:605,31,1,0
BRDA:610,32,0,0
BRDA:615,33,0,0
BRDA:620,34,0,0
BRDA:636,35,0,0
BRDA:636,35,1,0
BRDA:650,36,0,0
BRDA:650,37,0,0
BRDA:650,37,1,0
BRDA:654,38,0,0
BRDA:654,39,0,0
BRDA:654,39,1,0
BRDA:660,40,0,0
BRDA:664,41,0,0
BRDA:688,42,0,0
BRDA:700,43,0,0
BRDA:713,44,0,0
BRDA:731,45,0,0
BRDA:754,46,0,0
BRDA:835,47,0,0
BRDA:847,48,0,0
BRDA:860,49,0,0
BRDA:884,50,0,0
BRDA:961,51,0,0
BRDA:979,52,0,0
BRDA:983,53,0,0
BRDA:983,54,0,0
BRDA:983,54,1,0
BRDA:1002,55,0,0
BRDA:1002,55,1,0
BRDA:1007,56,0,0
BRDA:1007,57,0,0
BRDA:1007,57,1,0
BRDA:1013,58,0,0
BRDA:1018,59,0,0
BRDA:1031,60,0,0
BRDA:1038,61,0,0
BRDA:1045,62,0,0
BRDA:1064,63,0,0
BRDA:1064,63,1,0
BRDA:1067,64,0,0
BRDA:1081,65,0,0
BRDA:1103,66,0,0
BRDA:1109,67,0,0
BRDA:1115,68,0,0
BRDA:1148,69,0,0
BRDA:1148,70,0,0
BRDA:1148,70,1,0
BRDA:1157,71,0,0
BRDA:1157,71,1,0
BRDA:1160,72,0,0
BRDA:1162,73,0,0
BRDA:1171,74,0,0
BRDA:1208,75,0,17
BRDA:1239,76,0,6
BRDA:1242,77,0,0
BRDA:1242,77,1,6
BRDA:1264,78,0,0
BRDA:1278,79,0,0
BRDA:1284,80,0,0
BRDA:1300,81,0,0
BRDA:1305,82,0,0
BRDA:1305,83,0,0
BRDA:1305,83,1,0
BRF:107
BRH:3
end_of_record
TN:
SF:src\middleware\errorHandler.ts
FN:13,(anonymous_0)
FN:43,formatZodError
FN:63,handlePrismaError
FN:108,errorHandler
FN:194,createHttpError
FNF:5
FNH:3
FNDA:19,(anonymous_0)
FNDA:102,formatZodError
FNDA:0,handlePrismaError
FNDA:167,errorHandler
FNDA:0,createHttpError
DA:6,19
DA:7,19
DA:8,19
DA:13,19
DA:15,19
DA:16,19
DA:17,19
DA:18,19
DA:19,19
DA:20,19
DA:23,19
DA:24,19
DA:25,19
DA:44,102
DA:45,102
DA:46,0
DA:50,102
DA:51,100
DA:55,2
DA:56,2
DA:57,2
DA:64,0
DA:65,0
DA:68,0
DA:75,0
DA:81,0
DA:89,0
DA:90,0
DA:98,0
DA:108,19
DA:115,167
DA:126,167
DA:127,167
DA:135,0
DA:139,167
DA:140,102
DA:148,102
DA:149,102
DA:153,65
DA:154,0
DA:155,0
DA:162,0
DA:163,0
DA:167,65
DA:168,0
DA:169,0
DA:176,0
DA:177,0
DA:181,65
DA:188,65
DA:194,19
DA:198,0
DA:199,0
DA:200,0
DA:201,0
LF:55
LH:33
BRDA:13,0,0,19
BRDA:13,0,1,19
BRDA:45,1,0,0
BRDA:50,2,0,100
BRDA:56,3,0,2
BRDA:56,3,1,0
BRDA:64,4,0,0
BRDA:65,5,0,0
BRDA:65,5,1,0
BRDA:65,5,2,0
BRDA:89,6,0,0
BRDA:119,7,0,167
BRDA:119,7,1,0
BRDA:121,8,0,167
BRDA:121,8,1,0
BRDA:122,9,0,167
BRDA:122,9,1,0
BRDA:126,10,0,167
BRDA:126,10,1,0
BRDA:139,11,0,102
BRDA:153,12,0,0
BRDA:153,13,0,65
BRDA:153,13,1,65
BRDA:167,14,0,0
BRDA:167,15,0,65
BRDA:167,15,1,65
BRDA:167,15,2,65
BRDA:167,15,3,0
BRDA:173,16,0,0
BRDA:173,16,1,0
BRDA:185,17,0,65
BRDA:185,17,1,0
BRF:32
BRH:15
end_of_record
TN:
SF:src\middleware\rateLimit.ts
FN:32,getClientIp
FN:57,getUserId
FN:91,checkRateLimit
FN:144,ipRateLimit
FN:187,userRateLimit
FN:237,rateLimit
FN:243,(anonymous_6)
FNF:7
FNH:7
FNDA:187,getClientIp
FNDA:181,getUserId
FNDA:221,checkRateLimit
FNDA:187,ipRateLimit
FNDA:181,userRateLimit
FNDA:187,rateLimit
FNDA:181,(anonymous_6)
DA:8,19
DA:13,19
DA:34,187
DA:35,187
DA:37,0
DA:38,0
DA:42,187
DA:43,187
DA:44,0
DA:48,187
DA:59,181
DA:60,181
DA:61,10
DA:65,171
DA:66,171
DA:67,1
DA:68,0
DA:70,1
DA:71,1
DA:76,170
DA:77,23
DA:80,147
DA:96,221
DA:97,221
DA:98,221
DA:99,221
DA:103,221
DA:105,221
DA:107,221
DA:108,13
DA:111,13
DA:112,0
DA:120,13
DA:121,13
DA:123,13
DA:130,201
DA:131,201
DA:144,19
DA:149,187
DA:150,187
DA:152,187
DA:159,181
DA:160,181
DA:161,181
DA:163,181
DA:164,0
DA:176,0
DA:179,181
DA:187,19
DA:192,181
DA:195,181
DA:196,147
DA:197,147
DA:200,34
DA:202,34
DA:209,33
DA:210,33
DA:211,33
DA:213,33
DA:214,0
DA:226,0
DA:229,33
DA:237,19
DA:243,187
DA:244,181
DA:245,0
DA:248,181
LF:67
LH:57
BRDA:35,0,0,0
BRDA:37,1,0,0
BRDA:37,1,1,0
BRDA:43,2,0,0
BRDA:44,3,0,0
BRDA:44,3,1,0
BRDA:48,4,0,187
BRDA:48,4,1,0
BRDA:60,5,0,10
BRDA:61,6,0,0
BRDA:61,6,1,10
BRDA:66,7,0,1
BRDA:67,8,0,0
BRDA:68,9,0,0
BRDA:68,9,1,0
BRDA:70,10,0,1
BRDA:76,11,0,23
BRDA:76,12,0,170
BRDA:76,12,1,88
BRDA:108,13,0,0
BRDA:108,13,1,13
BRDA:111,14,0,0
BRDA:163,15,0,0
BRDA:195,16,0,147
BRDA:213,17,0,0
BRDA:244,18,0,0
BRF:26
BRH:10
end_of_record
TN:
SF:src\middleware\validate.ts
FN:12,validateBody
FN:13,(anonymous_1)
FN:33,validateQuery
FN:34,(anonymous_3)
FN:54,validateParams
FN:55,(anonymous_5)
FNF:6
FNH:6
FNDA:114,validateBody
FNDA:75,(anonymous_1)
FNDA:19,validateQuery
FNDA:18,(anonymous_3)
FNDA:171,validateParams
FNDA:123,(anonymous_5)
DA:7,19
DA:12,19
DA:13,114
DA:14,75
DA:15,75
DA:17,60
DA:18,60
DA:20,15
DA:22,15
DA:24,0
DA:33,19
DA:34,19
DA:35,18
DA:36,18
DA:38,12
DA:39,12
DA:41,6
DA:43,6
DA:45,0
DA:54,19
DA:55,171
DA:56,123
DA:58,123
DA:59,123
DA:61,42
DA:63,42
DA:64,42
DA:66,81
DA:68,81
DA:70,0
LF:30
LH:27
BRDA:20,0,0,15
BRDA:20,0,1,0
BRDA:41,1,0,6
BRDA:41,1,1,0
BRDA:58,2,0,123
BRDA:58,2,1,0
BRDA:58,3,0,123
BRDA:58,3,1,123
BRDA:66,4,0,81
BRDA:66,4,1,0
BRF:10
BRH:6
end_of_record
TN:
SF:src\routes\rooms.ts
FN:29,generateRoomId
FN:45,generateUserId
FN:61,generateMessageId
FN:98,(anonymous_3)
FN:111,(anonymous_4)
FN:192,(anonymous_5)
FN:255,(anonymous_6)
FN:340,(anonymous_7)
FN:428,(anonymous_8)
FN:516,(anonymous_9)
FN:602,(anonymous_10)
FN:633,(anonymous_11)
FN:693,(anonymous_12)
FN:803,(anonymous_13)
FN:844,(anonymous_14)
FN:914,(anonymous_15)
FNF:16
FNH:16
FNDA:45,generateRoomId
FNDA:46,generateUserId
FNDA:1,generateMessageId
FNDA:45,(anonymous_3)
FNDA:1,(anonymous_4)
FNDA:1,(anonymous_5)
FNDA:1,(anonymous_6)
FNDA:1,(anonymous_7)
FNDA:1,(anonymous_8)
FNDA:1,(anonymous_9)
FNDA:1,(anonymous_10)
FNDA:1,(anonymous_11)
FNDA:11,(anonymous_12)
FNDA:12,(anonymous_13)
FNDA:1,(anonymous_14)
FNDA:1,(anonymous_15)
DA:5,19
DA:6,19
DA:7,19
DA:8,19
DA:9,19
DA:19,19
DA:21,19
DA:31,45
DA:32,45
DA:33,45
DA:34,360
DA:36,45
DA:47,46
DA:48,46
DA:49,46
DA:50,368
DA:52,46
DA:63,1
DA:64,1
DA:65,1
DA:66,8
DA:68,1
DA:95,19
DA:99,45
DA:100,45
DA:102,45
DA:105,45
DA:106,45
DA:107,45
DA:108,45
DA:111,45
DA:113,1
DA:123,1
DA:132,1
DA:136,1
DA:148,44
DA:189,19
DA:193,1
DA:194,1
DA:195,1
DA:198,1
DA:199,1
DA:202,1
DA:203,0
DA:207,1
DA:212,0
DA:251,19
DA:256,1
DA:257,1
DA:258,1
DA:259,1
DA:261,1
DA:264,1
DA:271,1
DA:272,0
DA:276,1
DA:277,1
DA:278,1
DA:282,1
DA:283,0
DA:287,1
DA:295,1
DA:296,1
DA:299,1
DA:312,0
DA:337,19
DA:341,1
DA:342,1
DA:343,1
DA:345,1
DA:348,1
DA:355,1
DA:356,0
DA:360,1
DA:370,1
DA:371,1
DA:374,1
DA:379,0
DA:424,19
DA:429,1
DA:430,1
DA:431,1
DA:432,1
DA:434,1
DA:437,1
DA:444,1
DA:445,0
DA:449,1
DA:452,1
DA:462,1
DA:481,0
DA:512,19
DA:517,1
DA:518,1
DA:519,1
DA:520,1
DA:522,1
DA:525,1
DA:532,1
DA:533,0
DA:537,1
DA:545,1
DA:546,0
DA:550,1
DA:560,1
DA:565,0
DA:599,19
DA:603,1
DA:604,1
DA:605,1
DA:607,1
DA:610,1
DA:617,1
DA:618,0
DA:622,1
DA:633,1
DA:642,1
DA:650,0
DA:689,19
DA:694,11
DA:695,11
DA:696,11
DA:697,11
DA:699,11
DA:702,11
DA:709,1
DA:710,0
DA:714,1
DA:722,1
DA:723,0
DA:727,1
DA:730,1
DA:741,1
DA:753,10
DA:799,19
DA:804,12
DA:805,12
DA:806,12
DA:807,12
DA:808,12
DA:810,12
DA:813,12
DA:820,1
DA:821,0
DA:825,1
DA:832,1
DA:844,1
DA:854,1
DA:857,1
DA:870,11
DA:910,19
DA:915,1
DA:916,1
DA:917,1
DA:918,1
DA:920,1
DA:923,1
DA:930,1
DA:931,0
DA:935,1
DA:943,1
DA:944,0
DA:948,1
DA:958,1
DA:971,1
DA:972,1
DA:975,1
DA:988,0
DA:993,19
LF:169
LH:149
BRDA:107,0,0,45
BRDA:107,0,1,3
BRDA:202,1,0,0
BRDA:271,2,0,0
BRDA:277,3,0,1
BRDA:278,4,0,1
BRDA:278,4,1,0
BRDA:282,5,0,0
BRDA:355,6,0,0
BRDA:444,7,0,0
BRDA:532,8,0,0
BRDA:545,9,0,0
BRDA:617,10,0,0
BRDA:709,11,0,0
BRDA:722,12,0,0
BRDA:820,13,0,0
BRDA:930,14,0,0
BRDA:943,15,0,0
BRF:18
BRH:4
end_of_record
TN:
SF:src\services\roomCache.ts
FN:47,(anonymous_0)
FN:57,(anonymous_1)
FN:67,(anonymous_2)
FN:80,(anonymous_3)
FN:91,(anonymous_4)
FN:118,(anonymous_5)
FN:151,(anonymous_6)
FN:168,(anonymous_7)
FN:179,(anonymous_8)
FN:180,(anonymous_9)
FN:190,getRoomCacheService
FNF:11
FNH:10
FNDA:13,(anonymous_0)
FNDA:13,(anonymous_1)
FNDA:5,(anonymous_2)
FNDA:4,(anonymous_3)
FNDA:6,(anonymous_4)
FNDA:2,(anonymous_5)
FNDA:3,(anonymous_6)
FNDA:4,(anonymous_7)
FNDA:2,(anonymous_8)
FNDA:3,(anonymous_9)
FNDA:0,getRoomCacheService
DA:7,20
DA:8,20
DA:13,20
DA:18,20
DA:44,20
DA:48,13
DA:58,13
DA:68,5
DA:69,5
DA:70,5
DA:81,4
DA:82,4
DA:92,6
DA:95,6
DA:113,6
DA:114,3
DA:118,3
DA:127,3
DA:140,3
DA:142,3
DA:153,3
DA:154,3
DA:155,1
DA:159,2
DA:169,4
DA:170,4
DA:180,3
DA:181,2
DA:190,20
DA:191,0
LF:30
LH:29
BRDA:113,0,0,3
BRDA:154,1,0,1
BRF:2
BRH:2
end_of_record
TN:
SF:src\validation\schemas.ts
FN:67,(anonymous_0)
FN:157,(anonymous_1)
FN:162,(anonymous_2)
FNF:3
FNH:3
FNDA:1,(anonymous_0)
FNDA:18,(anonymous_1)
FNDA:18,(anonymous_2)
DA:6,19
DA:11,19
DA:19,19
DA:27,19
DA:35,19
DA:44,19
DA:53,19
DA:62,19
DA:68,1
DA:69,1
DA:70,1
DA:72,0
DA:83,19
DA:94,19
DA:106,19
DA:114,19
DA:121,19
DA:128,19
DA:135,19
DA:143,19
DA:153,19
DA:157,18
DA:162,18
DA:171,19
LF:24
LH:23
BRDA:70,0,0,1
BRDA:70,0,1,1
BRDA:157,1,0,10
BRDA:157,1,1,8
BRDA:162,2,0,5
BRDA:162,2,1,13
BRF:6
BRH:6
end_of_record
